#
# There is insufficient memory for the Java Runtime Environment to continue.
# Native memory allocation (mmap) failed to map 65536 bytes. Error detail: Failed to commit metaspace.
# Possible reasons:
#   The system is out of physical RAM or swap space
#   This process is running with CompressedOops enabled, and the Java Heap may be blocking the growth of the native heap
# Possible solutions:
#   Reduce memory load on the system
#   Increase physical memory or swap space
#   Check if swap backing store is full
#   Decrease Java heap size (-Xmx/-Xms)
#   Decrease number of Java threads
#   Decrease Java thread stack sizes (-Xss)
#   Set larger code cache with -XX:ReservedCodeCacheSize=
#   JVM is running with Zero Based Compressed Oops mode in which the Java heap is
#     placed in the first 32GB address space. The Java Heap base address is the
#     maximum limit for the native heap growth. Please use -XX:HeapBaseMinAddress
#     to set the Java Heap base and to place the Java Heap above 32GB virtual address.
# This output file may be truncated or incomplete.
#
#  Out of Memory Error (virtualSpaceNode.cpp:112), pid=19000, tid=19896
#
# JRE version: OpenJDK Runtime Environment (22.0+36) (build 22+36-2370)
# Java VM: OpenJDK 64-Bit Server VM (22+36-2370, mixed mode, sharing, tiered, compressed oops, compressed class ptrs, g1 gc, windows-amd64)
# No core dump will be written. Minidumps are not enabled by default on client versions of Windows
#

---------------  S U M M A R Y ------------

Command Line: -javaagent:C:\Program Files\JetBrains\IntelliJ IDEA 2023.3.6\lib\idea_rt.jar=61560:C:\Program Files\JetBrains\IntelliJ IDEA 2023.3.6\bin -Dfile.encoding=UTF-8 -Dsun.stdout.encoding=UTF-8 -Dsun.stderr.encoding=UTF-8 --module-path=C:\Users\DELL\.m2\repository\org\openjfx\javafx-base\20.0.1\javafx-base-20.0.1-win.jar;C:\Users\DELL\.m2\repository\net\sf\sociaal\freetts\1.2.2\freetts-1.2.2.jar;C:\Users\DELL\.m2\repository\com\fasterxml\jackson\core\jackson-databind\2.13.0\jackson-databind-2.13.0.jar;C:\Users\DELL\.m2\repository\org\openjfx\javafx-media\18\javafx-media-18-win.jar;C:\Users\DELL\.m2\repository\com\googlecode\soundlibs\jlayer\1.0.1-2\jlayer-1.0.1-2.jar;C:\Users\DELL\.m2\repository\org\json\json\20190722\json-20190722.jar;C:\Users\DELL\.m2\repository\org\openjfx\javafx-controls\20.0.1\javafx-controls-20.0.1-win.jar;C:\Users\DELL\.m2\repository\org\kordamp\bootstrapfx\bootstrapfx-core\0.4.0\bootstrapfx-core-0.4.0.jar;C:\Users\DELL\.m2\repository\com\fasterxml\jackson\core\jackson-annotations\2.15.2\jackson-annotations-2.15.2.jar;F:\2ndSemester_2ndYear\OOP\UseInteliJUltimate\BestDictionaryEver\target\classes;C:\Users\DELL\.m2\repository\org\openjfx\javafx-fxml\20.0.1\javafx-fxml-20.0.1-win.jar;C:\Users\DELL\.m2\repository\com\fasterxml\jackson\core\jackson-core\2.13.0\jackson-core-2.13.0.jar;C:\Users\DELL\.m2\repository\org\openjfx\javafx-graphics\20.0.1\javafx-graphics-20.0.1-win.jar;C:\Users\DELL\.m2\repository\org\controlsfx\controlsfx\11.1.2\controlsfx-11.1.2.jar -Djdk.module.main=com.example.bestdictionaryever com.example.bestdictionaryever/com.example.bestdictionaryever.Application

Host: 11th Gen Intel(R) Core(TM) i5-1135G7 @ 2.40GHz, 8 cores, 15G,  Windows 11 , 64 bit Build 22621 (10.0.22621.3527)
Time: Tue May  7 17:24:45 2024 SE Asia Standard Time elapsed time: 0.561167 seconds (0d 0h 0m 0s)

---------------  T H R E A D  ---------------

Current thread (0x000001de0e6f46b0):  JavaThread "JavaFX Application Thread"        [_thread_in_vm, id=19896, stack(0x0000002ce7400000,0x0000002ce7500000) (1024K)]

Stack: [0x0000002ce7400000,0x0000002ce7500000]
Native frames: (J=compiled Java code, j=interpreted, Vv=VM code, C=native code)
V  [jvm.dll+0x6e2349]  (no source info available)
V  [jvm.dll+0x874ed3]  (no source info available)
V  [jvm.dll+0x8772fe]  (no source info available)
V  [jvm.dll+0x8779d3]  (no source info available)
V  [jvm.dll+0x27fcb6]  (no source info available)
V  [jvm.dll+0x870b1e]  (no source info available)
V  [jvm.dll+0x6853b5]  (no source info available)
V  [jvm.dll+0x1e3e9c]  (no source info available)
V  [jvm.dll+0x1e3c6e]  (no source info available)
V  [jvm.dll+0x687d08]  (no source info available)
V  [jvm.dll+0x22509c]  (no source info available)
V  [jvm.dll+0x685dce]  (no source info available)
V  [jvm.dll+0x27ca9d]  (no source info available)
V  [jvm.dll+0x27ce61]  (no source info available)
V  [jvm.dll+0x73ab0f]  (no source info available)
V  [jvm.dll+0x73b8ff]  (no source info available)
V  [jvm.dll+0x3c8a4f]  (no source info available)
V  [jvm.dll+0x3c784c]  (no source info available)
V  [jvm.dll+0x3c77e8]  (no source info available)
V  [jvm.dll+0x3d9ada]  (no source info available)
C  0x000001ddb8fcb4f4  (no source info available)

The last pc belongs to new (printed below).
Java frames: (J=compiled Java code, j=interpreted, Vv=VM code)
j  javafx.stage.Window.<init>()V+17 javafx.graphics@20.0.1
j  javafx.stage.Stage.<init>(Ljavafx/stage/StageStyle;)V+1 javafx.graphics@20.0.1
j  javafx.stage.Stage.<init>()V+4 javafx.graphics@20.0.1
j  com.sun.javafx.application.LauncherImpl.lambda$launchApplication1$9(Ljava/util/concurrent/atomic/AtomicBoolean;Ljavafx/application/Application;)V+9 javafx.graphics@20.0.1
j  com.sun.javafx.application.LauncherImpl$$Lambda+0x000001ddca08c000.run()V+8 javafx.graphics@20.0.1
j  com.sun.javafx.application.PlatformImpl.lambda$runAndWait$12(Ljava/lang/Runnable;Ljava/util/concurrent/CountDownLatch;)V+1 javafx.graphics@20.0.1
j  com.sun.javafx.application.PlatformImpl$$Lambda+0x000001ddca085880.run()V+8 javafx.graphics@20.0.1
j  com.sun.javafx.application.PlatformImpl.lambda$runLater$10(Ljava/lang/Runnable;)Ljava/lang/Void;+1 javafx.graphics@20.0.1
j  com.sun.javafx.application.PlatformImpl$$Lambda+0x000001ddca086af0.run()Ljava/lang/Object;+4 javafx.graphics@20.0.1
j  java.security.AccessController.executePrivileged(Ljava/security/PrivilegedAction;Ljava/security/AccessControlContext;Ljava/lang/Class;)Ljava/lang/Object;+29 java.base@22
j  java.security.AccessController.doPrivileged(Ljava/security/PrivilegedAction;Ljava/security/AccessControlContext;)Ljava/lang/Object;+13 java.base@22
j  com.sun.javafx.application.PlatformImpl.lambda$runLater$11(Ljava/lang/Runnable;Ljava/security/AccessControlContext;)V+7 javafx.graphics@20.0.1
j  com.sun.javafx.application.PlatformImpl$$Lambda+0x000001ddca086270.run()V+8 javafx.graphics@20.0.1
j  com.sun.glass.ui.InvokeLaterDispatcher$Future.run()V+4 javafx.graphics@20.0.1
v  ~StubRoutines::call_stub 0x000001ddb8fb100d
j  com.sun.glass.ui.win.WinApplication._runLoop(Ljava/lang/Runnable;)V+0 javafx.graphics@20.0.1
j  com.sun.glass.ui.win.WinApplication.lambda$runLoop$3(ILjava/lang/Runnable;)V+8 javafx.graphics@20.0.1
j  com.sun.glass.ui.win.WinApplication$$Lambda+0x000001ddca036000.run()V+12 javafx.graphics@20.0.1
j  java.lang.Thread.runWith(Ljava/lang/Object;Ljava/lang/Runnable;)V+5 java.base@22
j  java.lang.Thread.run()V+19 java.base@22
v  ~StubRoutines::call_stub 0x000001ddb8fb100d
new  187 new  [0x000001ddb8fcb360, 0x000001ddb8fcb568]  520 bytes
[MachCode]
  0x000001ddb8fcb360: 4883 ec08 | c5fa 1104 | 24eb 1f48 | 83ec 10c5 | fb11 0424 | eb14 4883 | ec10 4889 | 0424 48c7 
  0x000001ddb8fcb380: 4424 0800 | 0000 00eb | 0150 410f | b755 010f | cac1 ea10 | 488b 4de8 | 488b 4908 | 488b 4908 
  0x000001ddb8fcb3a0: 488b 4108 | 807c 1004 | 070f 85d3 | 0000 0066 | 8b54 d148 | 488b 4928 | 488b 4cd1 | 0851 80b9 
  0x000001ddb8fcb3c0: 2001 0000 | 050f 85b6 | 0000 008b | 5108 f6c2 | 010f 85aa | 0000 0049 | 8b87 b801 | 0000 488d 
  0x000001ddb8fcb3e0: 1c10 493b | 9fc8 0100 | 000f 8792 | 0000 0049 | 899f b801 | 0000 4883 | ea10 0f84 | 0f00 0000 
  0x000001ddb8fcb400: 33c9 c1ea | 0348 894c | d008 48ff | ca75 f648 | c700 0100 | 0000 5933 | f689 700c | 49ba 0000 
  0x000001ddb8fcb420: 00c9 dd01 | 0000 492b | ca89 4808 | 49ba ad40 | 89ee fc7f | 0000 4180 | 3a00 0f84 | 3c00 0000 
  0x000001ddb8fcb440: 5048 8bc8 | 4883 ec20 | 40f6 c40f | 0f84 1900 | 0000 4883 | ec08 48b8 | 40b6 39ee | fc7f 0000 
  0x000001ddb8fcb460: ffd0 4883 | c408 e90c | 0000 0048 | b840 b639 | eefc 7f00 | 00ff d048 | 83c4 2058 | e9cb 0000 
  0x000001ddb8fcb480: 0059 488b | 55e8 488b | 5208 488b | 5208 450f | b745 0141 | 0fc8 41c1 | e810 e805 | 0000 00e9 
  0x000001ddb8fcb4a0: a800 0000 | 488d 4424 | 084c 896d | c049 8bcf | c5f8 7749 | 89af b003 | 0000 4989 | 87a0 0300 
  0x000001ddb8fcb4c0: 0048 83ec | 2040 f6c4 | 0f0f 8419 | 0000 0048 | 83ec 0848 | b850 9a02 | eefc 7f00 | 00ff d048 
  0x000001ddb8fcb4e0: 83c4 08e9 | 0c00 0000 | 48b8 509a | 02ee fc7f | 0000 ffd0 | 4883 c420 | 49c7 87a0 | 0300 0000 
  0x000001ddb8fcb500: 0000 0049 | c787 b003 | 0000 0000 | 0000 49c7 | 87a8 0300 | 0000 0000 | 00c5 f877 | 4983 7f08 
  0x000001ddb8fcb520: 000f 8405 | 0000 00e9 | d459 feff | 498b 87f8 | 0300 0049 | c787 f803 | 0000 0000 | 0000 4c8b 
  0x000001ddb8fcb540: 6dc0 4c8b | 75c8 4e8d | 74f5 00c3 | 410f b65d | 0349 83c5 | 0349 baf0 | 098d eefc | 7f00 0041 
  0x000001ddb8fcb560: ff24 da0f | 1f44 0000 
[/MachCode]

---------------  P R O C E S S  ---------------

Threads class SMR info:
_java_thread_list=0x000001de0f0dbf90, length=18, elements={
0x000001dda7676ed0, 0x000001ddc86a7960, 0x000001ddc86a8970, 0x000001ddc86b7700,
0x000001ddc86b8450, 0x000001ddc86bc100, 0x000001ddc86bcc50, 0x000001ddc86c3510,
0x000001ddc86c9720, 0x000001ddc88d9dd0, 0x000001ddc86c82b0, 0x000001de0e356a20,
0x000001de0e3578a0, 0x000001de0e6f74a0, 0x000001de0e6f7b30, 0x000001de0e6f46b0,
0x000001de0e6f4d40, 0x000001de0e6f53d0
}

Java Threads: ( => current thread )
  0x000001dda7676ed0 JavaThread "main"                              [_thread_blocked, id=10828, stack(0x0000002ce5d00000,0x0000002ce5e00000) (1024K)]
  0x000001ddc86a7960 JavaThread "Reference Handler"          daemon [_thread_blocked, id=21580, stack(0x0000002ce6500000,0x0000002ce6600000) (1024K)]
  0x000001ddc86a8970 JavaThread "Finalizer"                  daemon [_thread_blocked, id=21252, stack(0x0000002ce6600000,0x0000002ce6700000) (1024K)]
  0x000001ddc86b7700 JavaThread "Signal Dispatcher"          daemon [_thread_blocked, id=20352, stack(0x0000002ce6700000,0x0000002ce6800000) (1024K)]
  0x000001ddc86b8450 JavaThread "Attach Listener"            daemon [_thread_blocked, id=1416, stack(0x0000002ce6800000,0x0000002ce6900000) (1024K)]
  0x000001ddc86bc100 JavaThread "Service Thread"             daemon [_thread_blocked, id=4232, stack(0x0000002ce6900000,0x0000002ce6a00000) (1024K)]
  0x000001ddc86bcc50 JavaThread "Monitor Deflation Thread"   daemon [_thread_blocked, id=12468, stack(0x0000002ce6a00000,0x0000002ce6b00000) (1024K)]
  0x000001ddc86c3510 JavaThread "C2 CompilerThread0"         daemon [_thread_blocked, id=12524, stack(0x0000002ce6b00000,0x0000002ce6c00000) (1024K)]
  0x000001ddc86c9720 JavaThread "C1 CompilerThread0"         daemon [_thread_blocked, id=15028, stack(0x0000002ce6c00000,0x0000002ce6d00000) (1024K)]
  0x000001ddc88d9dd0 JavaThread "Common-Cleaner"             daemon [_thread_blocked, id=21712, stack(0x0000002ce6d00000,0x0000002ce6e00000) (1024K)]
  0x000001ddc86c82b0 JavaThread "C2 CompilerThread1"         daemon [_thread_blocked, id=10692, stack(0x0000002ce6e00000,0x0000002ce6f00000) (1024K)]
  0x000001de0e356a20 JavaThread "Monitor Ctrl-Break"         daemon [_thread_in_native, id=20232, stack(0x0000002ce7000000,0x0000002ce7100000) (1024K)]
  0x000001de0e3578a0 JavaThread "Notification Thread"        daemon [_thread_blocked, id=12436, stack(0x0000002ce7100000,0x0000002ce7200000) (1024K)]
  0x000001de0e6f74a0 JavaThread "QuantumRenderer-0"          daemon [_thread_blocked, id=3160, stack(0x0000002ce7200000,0x0000002ce7300000) (1024K)]
  0x000001de0e6f7b30 JavaThread "InvokeLaterDispatcher"      daemon [_thread_blocked, id=13008, stack(0x0000002ce7300000,0x0000002ce7400000) (1024K)]
=>0x000001de0e6f46b0 JavaThread "JavaFX Application Thread"         [_thread_in_vm, id=19896, stack(0x0000002ce7400000,0x0000002ce7500000) (1024K)]
  0x000001de0e6f4d40 JavaThread "JavaFX-Launcher"                   [_thread_blocked, id=20316, stack(0x0000002ce7d00000,0x0000002ce7e00000) (1024K)]
  0x000001de0e6f53d0 JavaThread "Thread-2"                   daemon [_thread_in_native, id=1868, stack(0x0000002ce7c00000,0x0000002ce7d00000) (1024K)]
Total: 18

Other Threads:
  0x000001ddc868e7f0 VMThread "VM Thread"                           [id=20836, stack(0x0000002ce6400000,0x0000002ce6500000) (1024K)]
  0x000001dda9737e40 WatcherThread "VM Periodic Task Thread"        [id=7928, stack(0x0000002ce6300000,0x0000002ce6400000) (1024K)]
  0x000001dda97a86b0 WorkerThread "GC Thread#0"                     [id=17100, stack(0x0000002ce5e00000,0x0000002ce5f00000) (1024K)]
  0x000001de0f074a00 WorkerThread "GC Thread#1"                     [id=5200, stack(0x0000002ce6f00000,0x0000002ce7000000) (1024K)]
  0x000001de0f0ea260 WorkerThread "GC Thread#2"                     [id=21844, stack(0x0000002ce7800000,0x0000002ce7900000) (1024K)]
  0x000001de0f0b25f0 WorkerThread "GC Thread#3"                     [id=17108, stack(0x0000002ce7900000,0x0000002ce7a00000) (1024K)]
  0x000001de0f0b29a0 WorkerThread "GC Thread#4"                     [id=16416, stack(0x0000002ce7a00000,0x0000002ce7b00000) (1024K)]
  0x000001de0f070ac0 WorkerThread "GC Thread#5"                     [id=2684, stack(0x0000002ce7b00000,0x0000002ce7c00000) (1024K)]
  0x000001dda97ba830 ConcurrentGCThread "G1 Main Marker"            [id=1212, stack(0x0000002ce5f00000,0x0000002ce6000000) (1024K)]
  0x000001dda97bbae0 WorkerThread "G1 Conc#0"                       [id=6844, stack(0x0000002ce6000000,0x0000002ce6100000) (1024K)]
  0x000001dda97fe950 ConcurrentGCThread "G1 Refine#0"               [id=6876, stack(0x0000002ce6100000,0x0000002ce6200000) (1024K)]
  0x000001ddc8546700 ConcurrentGCThread "G1 Service"                [id=9212, stack(0x0000002ce6200000,0x0000002ce6300000) (1024K)]
Total: 12

Threads with active compile tasks:
Total: 0

VM state: not at safepoint (normal execution)

VM Mutex/Monitor currently owned by a thread:  ([mutex/lock_event])
[0x00007ffcee8bab48] Metaspace_lock - owner thread: 0x000001de0e6f46b0

Heap address: 0x0000000704200000, size: 4030 MB, Compressed Oops mode: Zero based, Oop shift amount: 3

CDS archive(s) mapped at: [0x000001ddc9000000-0x000001ddc9c50000-0x000001ddc9c50000), size 12910592, SharedBaseAddress: 0x000001ddc9000000, ArchiveRelocationMode: 1.
Compressed class space mapped at: 0x000001ddca000000-0x000001de0a000000, reserved size: 1073741824
Narrow klass base: 0x000001ddc9000000, Narrow klass shift: 0, Narrow klass range: 0x41000000

GC Precious Log:
 CardTable entry size: 512
 Card Set container configuration: InlinePtr #cards 4 size 8 Array Of Cards #cards 16 size 48 Howl #buckets 8 coarsen threshold 3686 Howl Bitmap #cards 512 size 80 coarsen threshold 460 Card regions per heap region 1 cards per card region 4096
 CPUs: 8 total, 8 available
 Memory: 16118M
 Large Page Support: Disabled
 NUMA Support: Disabled
 Compressed Oops: Enabled (Zero based)
 Heap Region Size: 2M
 Heap Min Capacity: 8M
 Heap Initial Capacity: 252M
 Heap Max Capacity: 4030M
 Pre-touch: Disabled
 Parallel Workers: 8
 Concurrent Workers: 2
 Concurrent Refinement Workers: 8
 Periodic GC: Disabled

Heap:
 garbage-first heap   total reserved 4126720K, committed 258048K, used 4479K [0x0000000704200000, 0x0000000800000000)
  region size 2048K, 5 young (10240K), 2 survivors (4096K)
 Metaspace       used 4885K, committed 5056K, reserved 1114112K
  class space    used 555K, committed 640K, reserved 1048576K

Heap Regions: E=young(eden), S=young(survivor), O=old, HS=humongous(starts), HC=humongous(continues), CS=collection set, F=free, TAMS=top-at-mark-start, PB=parsable bottom
|   0|0x0000000704200000, 0x0000000704200000, 0x0000000704400000|  0%| F|  |TAMS 0x0000000704200000| PB 0x0000000704200000| Untracked |  0
|   1|0x0000000704400000, 0x0000000704400000, 0x0000000704600000|  0%| F|  |TAMS 0x0000000704400000| PB 0x0000000704400000| Untracked |  0
|   2|0x0000000704600000, 0x0000000704600000, 0x0000000704800000|  0%| F|  |TAMS 0x0000000704600000| PB 0x0000000704600000| Untracked |  0
|   3|0x0000000704800000, 0x0000000704800000, 0x0000000704a00000|  0%| F|  |TAMS 0x0000000704800000| PB 0x0000000704800000| Untracked |  0
|   4|0x0000000704a00000, 0x0000000704a00000, 0x0000000704c00000|  0%| F|  |TAMS 0x0000000704a00000| PB 0x0000000704a00000| Untracked |  0
|   5|0x0000000704c00000, 0x0000000704c00000, 0x0000000704e00000|  0%| F|  |TAMS 0x0000000704c00000| PB 0x0000000704c00000| Untracked |  0
|   6|0x0000000704e00000, 0x0000000704e00000, 0x0000000705000000|  0%| F|  |TAMS 0x0000000704e00000| PB 0x0000000704e00000| Untracked |  0
|   7|0x0000000705000000, 0x0000000705000000, 0x0000000705200000|  0%| F|  |TAMS 0x0000000705000000| PB 0x0000000705000000| Untracked |  0
|   8|0x0000000705200000, 0x0000000705200000, 0x0000000705400000|  0%| F|  |TAMS 0x0000000705200000| PB 0x0000000705200000| Untracked |  0
|   9|0x0000000705400000, 0x0000000705400000, 0x0000000705600000|  0%| F|  |TAMS 0x0000000705400000| PB 0x0000000705400000| Untracked |  0
|  10|0x0000000705600000, 0x0000000705600000, 0x0000000705800000|  0%| F|  |TAMS 0x0000000705600000| PB 0x0000000705600000| Untracked |  0
|  11|0x0000000705800000, 0x0000000705800000, 0x0000000705a00000|  0%| F|  |TAMS 0x0000000705800000| PB 0x0000000705800000| Untracked |  0
|  12|0x0000000705a00000, 0x0000000705a00000, 0x0000000705c00000|  0%| F|  |TAMS 0x0000000705a00000| PB 0x0000000705a00000| Untracked |  0
|  13|0x0000000705c00000, 0x0000000705c00000, 0x0000000705e00000|  0%| F|  |TAMS 0x0000000705c00000| PB 0x0000000705c00000| Untracked |  0
|  14|0x0000000705e00000, 0x0000000705e00000, 0x0000000706000000|  0%| F|  |TAMS 0x0000000705e00000| PB 0x0000000705e00000| Untracked |  0
|  15|0x0000000706000000, 0x0000000706000000, 0x0000000706200000|  0%| F|  |TAMS 0x0000000706000000| PB 0x0000000706000000| Untracked |  0
|  16|0x0000000706200000, 0x0000000706200000, 0x0000000706400000|  0%| F|  |TAMS 0x0000000706200000| PB 0x0000000706200000| Untracked |  0
|  17|0x0000000706400000, 0x0000000706400000, 0x0000000706600000|  0%| F|  |TAMS 0x0000000706400000| PB 0x0000000706400000| Untracked |  0
|  18|0x0000000706600000, 0x0000000706600000, 0x0000000706800000|  0%| F|  |TAMS 0x0000000706600000| PB 0x0000000706600000| Untracked |  0
|  19|0x0000000706800000, 0x0000000706800000, 0x0000000706a00000|  0%| F|  |TAMS 0x0000000706800000| PB 0x0000000706800000| Untracked |  0
|  20|0x0000000706a00000, 0x0000000706a00000, 0x0000000706c00000|  0%| F|  |TAMS 0x0000000706a00000| PB 0x0000000706a00000| Untracked |  0
|  21|0x0000000706c00000, 0x0000000706c00000, 0x0000000706e00000|  0%| F|  |TAMS 0x0000000706c00000| PB 0x0000000706c00000| Untracked |  0
|  22|0x0000000706e00000, 0x0000000706e00000, 0x0000000707000000|  0%| F|  |TAMS 0x0000000706e00000| PB 0x0000000706e00000| Untracked |  0
|  23|0x0000000707000000, 0x0000000707000000, 0x0000000707200000|  0%| F|  |TAMS 0x0000000707000000| PB 0x0000000707000000| Untracked |  0
|  24|0x0000000707200000, 0x0000000707200000, 0x0000000707400000|  0%| F|  |TAMS 0x0000000707200000| PB 0x0000000707200000| Untracked |  0
|  25|0x0000000707400000, 0x0000000707400000, 0x0000000707600000|  0%| F|  |TAMS 0x0000000707400000| PB 0x0000000707400000| Untracked |  0
|  26|0x0000000707600000, 0x0000000707600000, 0x0000000707800000|  0%| F|  |TAMS 0x0000000707600000| PB 0x0000000707600000| Untracked |  0
|  27|0x0000000707800000, 0x0000000707800000, 0x0000000707a00000|  0%| F|  |TAMS 0x0000000707800000| PB 0x0000000707800000| Untracked |  0
|  28|0x0000000707a00000, 0x0000000707a00000, 0x0000000707c00000|  0%| F|  |TAMS 0x0000000707a00000| PB 0x0000000707a00000| Untracked |  0
|  29|0x0000000707c00000, 0x0000000707c00000, 0x0000000707e00000|  0%| F|  |TAMS 0x0000000707c00000| PB 0x0000000707c00000| Untracked |  0
|  30|0x0000000707e00000, 0x0000000707e00000, 0x0000000708000000|  0%| F|  |TAMS 0x0000000707e00000| PB 0x0000000707e00000| Untracked |  0
|  31|0x0000000708000000, 0x0000000708000000, 0x0000000708200000|  0%| F|  |TAMS 0x0000000708000000| PB 0x0000000708000000| Untracked |  0
|  32|0x0000000708200000, 0x0000000708200000, 0x0000000708400000|  0%| F|  |TAMS 0x0000000708200000| PB 0x0000000708200000| Untracked |  0
|  33|0x0000000708400000, 0x0000000708400000, 0x0000000708600000|  0%| F|  |TAMS 0x0000000708400000| PB 0x0000000708400000| Untracked |  0
|  34|0x0000000708600000, 0x0000000708600000, 0x0000000708800000|  0%| F|  |TAMS 0x0000000708600000| PB 0x0000000708600000| Untracked |  0
|  35|0x0000000708800000, 0x0000000708800000, 0x0000000708a00000|  0%| F|  |TAMS 0x0000000708800000| PB 0x0000000708800000| Untracked |  0
|  36|0x0000000708a00000, 0x0000000708a00000, 0x0000000708c00000|  0%| F|  |TAMS 0x0000000708a00000| PB 0x0000000708a00000| Untracked |  0
|  37|0x0000000708c00000, 0x0000000708c00000, 0x0000000708e00000|  0%| F|  |TAMS 0x0000000708c00000| PB 0x0000000708c00000| Untracked |  0
|  38|0x0000000708e00000, 0x0000000708e00000, 0x0000000709000000|  0%| F|  |TAMS 0x0000000708e00000| PB 0x0000000708e00000| Untracked |  0
|  39|0x0000000709000000, 0x0000000709000000, 0x0000000709200000|  0%| F|  |TAMS 0x0000000709000000| PB 0x0000000709000000| Untracked |  0
|  40|0x0000000709200000, 0x0000000709200000, 0x0000000709400000|  0%| F|  |TAMS 0x0000000709200000| PB 0x0000000709200000| Untracked |  0
|  41|0x0000000709400000, 0x0000000709400000, 0x0000000709600000|  0%| F|  |TAMS 0x0000000709400000| PB 0x0000000709400000| Untracked |  0
|  42|0x0000000709600000, 0x0000000709600000, 0x0000000709800000|  0%| F|  |TAMS 0x0000000709600000| PB 0x0000000709600000| Untracked |  0
|  43|0x0000000709800000, 0x0000000709800000, 0x0000000709a00000|  0%| F|  |TAMS 0x0000000709800000| PB 0x0000000709800000| Untracked |  0
|  44|0x0000000709a00000, 0x0000000709a00000, 0x0000000709c00000|  0%| F|  |TAMS 0x0000000709a00000| PB 0x0000000709a00000| Untracked |  0
|  45|0x0000000709c00000, 0x0000000709c00000, 0x0000000709e00000|  0%| F|  |TAMS 0x0000000709c00000| PB 0x0000000709c00000| Untracked |  0
|  46|0x0000000709e00000, 0x0000000709e00000, 0x000000070a000000|  0%| F|  |TAMS 0x0000000709e00000| PB 0x0000000709e00000| Untracked |  0
|  47|0x000000070a000000, 0x000000070a000000, 0x000000070a200000|  0%| F|  |TAMS 0x000000070a000000| PB 0x000000070a000000| Untracked |  0
|  48|0x000000070a200000, 0x000000070a200000, 0x000000070a400000|  0%| F|  |TAMS 0x000000070a200000| PB 0x000000070a200000| Untracked |  0
|  49|0x000000070a400000, 0x000000070a400000, 0x000000070a600000|  0%| F|  |TAMS 0x000000070a400000| PB 0x000000070a400000| Untracked |  0
|  50|0x000000070a600000, 0x000000070a600000, 0x000000070a800000|  0%| F|  |TAMS 0x000000070a600000| PB 0x000000070a600000| Untracked |  0
|  51|0x000000070a800000, 0x000000070a800000, 0x000000070aa00000|  0%| F|  |TAMS 0x000000070a800000| PB 0x000000070a800000| Untracked |  0
|  52|0x000000070aa00000, 0x000000070aa00000, 0x000000070ac00000|  0%| F|  |TAMS 0x000000070aa00000| PB 0x000000070aa00000| Untracked |  0
|  53|0x000000070ac00000, 0x000000070ac00000, 0x000000070ae00000|  0%| F|  |TAMS 0x000000070ac00000| PB 0x000000070ac00000| Untracked |  0
|  54|0x000000070ae00000, 0x000000070ae00000, 0x000000070b000000|  0%| F|  |TAMS 0x000000070ae00000| PB 0x000000070ae00000| Untracked |  0
|  55|0x000000070b000000, 0x000000070b000000, 0x000000070b200000|  0%| F|  |TAMS 0x000000070b000000| PB 0x000000070b000000| Untracked |  0
|  56|0x000000070b200000, 0x000000070b200000, 0x000000070b400000|  0%| F|  |TAMS 0x000000070b200000| PB 0x000000070b200000| Untracked |  0
|  57|0x000000070b400000, 0x000000070b400000, 0x000000070b600000|  0%| F|  |TAMS 0x000000070b400000| PB 0x000000070b400000| Untracked |  0
|  58|0x000000070b600000, 0x000000070b600000, 0x000000070b800000|  0%| F|  |TAMS 0x000000070b600000| PB 0x000000070b600000| Untracked |  0
|  59|0x000000070b800000, 0x000000070b800000, 0x000000070ba00000|  0%| F|  |TAMS 0x000000070b800000| PB 0x000000070b800000| Untracked |  0
|  60|0x000000070ba00000, 0x000000070ba00000, 0x000000070bc00000|  0%| F|  |TAMS 0x000000070ba00000| PB 0x000000070ba00000| Untracked |  0
|  61|0x000000070bc00000, 0x000000070bc00000, 0x000000070be00000|  0%| F|  |TAMS 0x000000070bc00000| PB 0x000000070bc00000| Untracked |  0
|  62|0x000000070be00000, 0x000000070be00000, 0x000000070c000000|  0%| F|  |TAMS 0x000000070be00000| PB 0x000000070be00000| Untracked |  0
|  63|0x000000070c000000, 0x000000070c000000, 0x000000070c200000|  0%| F|  |TAMS 0x000000070c000000| PB 0x000000070c000000| Untracked |  0
|  64|0x000000070c200000, 0x000000070c200000, 0x000000070c400000|  0%| F|  |TAMS 0x000000070c200000| PB 0x000000070c200000| Untracked |  0
|  65|0x000000070c400000, 0x000000070c400000, 0x000000070c600000|  0%| F|  |TAMS 0x000000070c400000| PB 0x000000070c400000| Untracked |  0
|  66|0x000000070c600000, 0x000000070c600000, 0x000000070c800000|  0%| F|  |TAMS 0x000000070c600000| PB 0x000000070c600000| Untracked |  0
|  67|0x000000070c800000, 0x000000070c800000, 0x000000070ca00000|  0%| F|  |TAMS 0x000000070c800000| PB 0x000000070c800000| Untracked |  0
|  68|0x000000070ca00000, 0x000000070ca00000, 0x000000070cc00000|  0%| F|  |TAMS 0x000000070ca00000| PB 0x000000070ca00000| Untracked |  0
|  69|0x000000070cc00000, 0x000000070cc00000, 0x000000070ce00000|  0%| F|  |TAMS 0x000000070cc00000| PB 0x000000070cc00000| Untracked |  0
|  70|0x000000070ce00000, 0x000000070ce00000, 0x000000070d000000|  0%| F|  |TAMS 0x000000070ce00000| PB 0x000000070ce00000| Untracked |  0
|  71|0x000000070d000000, 0x000000070d000000, 0x000000070d200000|  0%| F|  |TAMS 0x000000070d000000| PB 0x000000070d000000| Untracked |  0
|  72|0x000000070d200000, 0x000000070d200000, 0x000000070d400000|  0%| F|  |TAMS 0x000000070d200000| PB 0x000000070d200000| Untracked |  0
|  73|0x000000070d400000, 0x000000070d400000, 0x000000070d600000|  0%| F|  |TAMS 0x000000070d400000| PB 0x000000070d400000| Untracked |  0
|  74|0x000000070d600000, 0x000000070d600000, 0x000000070d800000|  0%| F|  |TAMS 0x000000070d600000| PB 0x000000070d600000| Untracked |  0
|  75|0x000000070d800000, 0x000000070d800000, 0x000000070da00000|  0%| F|  |TAMS 0x000000070d800000| PB 0x000000070d800000| Untracked |  0
|  76|0x000000070da00000, 0x000000070da00000, 0x000000070dc00000|  0%| F|  |TAMS 0x000000070da00000| PB 0x000000070da00000| Untracked |  0
|  77|0x000000070dc00000, 0x000000070dc00000, 0x000000070de00000|  0%| F|  |TAMS 0x000000070dc00000| PB 0x000000070dc00000| Untracked |  0
|  78|0x000000070de00000, 0x000000070de00000, 0x000000070e000000|  0%| F|  |TAMS 0x000000070de00000| PB 0x000000070de00000| Untracked |  0
|  79|0x000000070e000000, 0x000000070e000000, 0x000000070e200000|  0%| F|  |TAMS 0x000000070e000000| PB 0x000000070e000000| Untracked |  0
|  80|0x000000070e200000, 0x000000070e200000, 0x000000070e400000|  0%| F|  |TAMS 0x000000070e200000| PB 0x000000070e200000| Untracked |  0
|  81|0x000000070e400000, 0x000000070e400000, 0x000000070e600000|  0%| F|  |TAMS 0x000000070e400000| PB 0x000000070e400000| Untracked |  0
|  82|0x000000070e600000, 0x000000070e600000, 0x000000070e800000|  0%| F|  |TAMS 0x000000070e600000| PB 0x000000070e600000| Untracked |  0
|  83|0x000000070e800000, 0x000000070e800000, 0x000000070ea00000|  0%| F|  |TAMS 0x000000070e800000| PB 0x000000070e800000| Untracked |  0
|  84|0x000000070ea00000, 0x000000070ea00000, 0x000000070ec00000|  0%| F|  |TAMS 0x000000070ea00000| PB 0x000000070ea00000| Untracked |  0
|  85|0x000000070ec00000, 0x000000070ec00000, 0x000000070ee00000|  0%| F|  |TAMS 0x000000070ec00000| PB 0x000000070ec00000| Untracked |  0
|  86|0x000000070ee00000, 0x000000070ee00000, 0x000000070f000000|  0%| F|  |TAMS 0x000000070ee00000| PB 0x000000070ee00000| Untracked |  0
|  87|0x000000070f000000, 0x000000070f000000, 0x000000070f200000|  0%| F|  |TAMS 0x000000070f000000| PB 0x000000070f000000| Untracked |  0
|  88|0x000000070f200000, 0x000000070f200000, 0x000000070f400000|  0%| F|  |TAMS 0x000000070f200000| PB 0x000000070f200000| Untracked |  0
|  89|0x000000070f400000, 0x000000070f400000, 0x000000070f600000|  0%| F|  |TAMS 0x000000070f400000| PB 0x000000070f400000| Untracked |  0
|  90|0x000000070f600000, 0x000000070f600000, 0x000000070f800000|  0%| F|  |TAMS 0x000000070f600000| PB 0x000000070f600000| Untracked |  0
|  91|0x000000070f800000, 0x000000070f800000, 0x000000070fa00000|  0%| F|  |TAMS 0x000000070f800000| PB 0x000000070f800000| Untracked |  0
|  92|0x000000070fa00000, 0x000000070fa00000, 0x000000070fc00000|  0%| F|  |TAMS 0x000000070fa00000| PB 0x000000070fa00000| Untracked |  0
|  93|0x000000070fc00000, 0x000000070fc00000, 0x000000070fe00000|  0%| F|  |TAMS 0x000000070fc00000| PB 0x000000070fc00000| Untracked |  0
|  94|0x000000070fe00000, 0x000000070fe00000, 0x0000000710000000|  0%| F|  |TAMS 0x000000070fe00000| PB 0x000000070fe00000| Untracked |  0
|  95|0x0000000710000000, 0x0000000710000000, 0x0000000710200000|  0%| F|  |TAMS 0x0000000710000000| PB 0x0000000710000000| Untracked |  0
|  96|0x0000000710200000, 0x0000000710200000, 0x0000000710400000|  0%| F|  |TAMS 0x0000000710200000| PB 0x0000000710200000| Untracked |  0
|  97|0x0000000710400000, 0x0000000710400000, 0x0000000710600000|  0%| F|  |TAMS 0x0000000710400000| PB 0x0000000710400000| Untracked |  0
|  98|0x0000000710600000, 0x0000000710600000, 0x0000000710800000|  0%| F|  |TAMS 0x0000000710600000| PB 0x0000000710600000| Untracked |  0
|  99|0x0000000710800000, 0x0000000710800000, 0x0000000710a00000|  0%| F|  |TAMS 0x0000000710800000| PB 0x0000000710800000| Untracked |  0
| 100|0x0000000710a00000, 0x0000000710a00000, 0x0000000710c00000|  0%| F|  |TAMS 0x0000000710a00000| PB 0x0000000710a00000| Untracked |  0
| 101|0x0000000710c00000, 0x0000000710c00000, 0x0000000710e00000|  0%| F|  |TAMS 0x0000000710c00000| PB 0x0000000710c00000| Untracked |  0
| 102|0x0000000710e00000, 0x0000000710e00000, 0x0000000711000000|  0%| F|  |TAMS 0x0000000710e00000| PB 0x0000000710e00000| Untracked |  0
| 103|0x0000000711000000, 0x0000000711000000, 0x0000000711200000|  0%| F|  |TAMS 0x0000000711000000| PB 0x0000000711000000| Untracked |  0
| 104|0x0000000711200000, 0x0000000711200000, 0x0000000711400000|  0%| F|  |TAMS 0x0000000711200000| PB 0x0000000711200000| Untracked |  0
| 105|0x0000000711400000, 0x0000000711400000, 0x0000000711600000|  0%| F|  |TAMS 0x0000000711400000| PB 0x0000000711400000| Untracked |  0
| 106|0x0000000711600000, 0x0000000711600000, 0x0000000711800000|  0%| F|  |TAMS 0x0000000711600000| PB 0x0000000711600000| Untracked |  0
| 107|0x0000000711800000, 0x0000000711800000, 0x0000000711a00000|  0%| F|  |TAMS 0x0000000711800000| PB 0x0000000711800000| Untracked |  0
| 108|0x0000000711a00000, 0x0000000711a00000, 0x0000000711c00000|  0%| F|  |TAMS 0x0000000711a00000| PB 0x0000000711a00000| Untracked |  0
| 109|0x0000000711c00000, 0x0000000711c00000, 0x0000000711e00000|  0%| F|  |TAMS 0x0000000711c00000| PB 0x0000000711c00000| Untracked |  0
| 110|0x0000000711e00000, 0x0000000711e00000, 0x0000000712000000|  0%| F|  |TAMS 0x0000000711e00000| PB 0x0000000711e00000| Untracked |  0
| 111|0x0000000712000000, 0x0000000712000000, 0x0000000712200000|  0%| F|  |TAMS 0x0000000712000000| PB 0x0000000712000000| Untracked |  0
| 112|0x0000000712200000, 0x000000071225ffe8, 0x0000000712400000| 18%| S|CS|TAMS 0x0000000712200000| PB 0x0000000712200000| Complete |  0
| 113|0x0000000712400000, 0x0000000712600000, 0x0000000712600000|100%| S|CS|TAMS 0x0000000712400000| PB 0x0000000712400000| Complete |  0
| 114|0x0000000712600000, 0x0000000712600000, 0x0000000712800000|  0%| F|  |TAMS 0x0000000712600000| PB 0x0000000712600000| Untracked |  0
| 115|0x0000000712800000, 0x0000000712800000, 0x0000000712a00000|  0%| F|  |TAMS 0x0000000712800000| PB 0x0000000712800000| Untracked |  0
| 116|0x0000000712a00000, 0x0000000712a00000, 0x0000000712c00000|  0%| F|  |TAMS 0x0000000712a00000| PB 0x0000000712a00000| Untracked |  0
| 117|0x0000000712c00000, 0x0000000712c00000, 0x0000000712e00000|  0%| F|  |TAMS 0x0000000712c00000| PB 0x0000000712c00000| Untracked |  0
| 118|0x0000000712e00000, 0x0000000712e00000, 0x0000000713000000|  0%| F|  |TAMS 0x0000000712e00000| PB 0x0000000712e00000| Untracked |  0
| 119|0x0000000713000000, 0x0000000713000000, 0x0000000713200000|  0%| F|  |TAMS 0x0000000713000000| PB 0x0000000713000000| Untracked |  0
| 120|0x0000000713200000, 0x0000000713200000, 0x0000000713400000|  0%| F|  |TAMS 0x0000000713200000| PB 0x0000000713200000| Untracked |  0
| 121|0x0000000713400000, 0x0000000713400000, 0x0000000713600000|  0%| F|  |TAMS 0x0000000713400000| PB 0x0000000713400000| Untracked |  0
| 122|0x0000000713600000, 0x0000000713600000, 0x0000000713800000|  0%| F|  |TAMS 0x0000000713600000| PB 0x0000000713600000| Untracked |  0
| 123|0x0000000713800000, 0x00000007138bbf78, 0x0000000713a00000| 36%| E|  |TAMS 0x0000000713800000| PB 0x0000000713800000| Complete |  0
| 124|0x0000000713a00000, 0x0000000713c00000, 0x0000000713c00000|100%| E|  |TAMS 0x0000000713a00000| PB 0x0000000713a00000| Complete |  0
| 125|0x0000000713c00000, 0x0000000713e00000, 0x0000000713e00000|100%| E|CS|TAMS 0x0000000713c00000| PB 0x0000000713c00000| Complete |  0

Card table byte_map: [0x000001ddc1590000,0x000001ddc1d70000] _byte_map_base: 0x000001ddbdd6f000

Marking Bits: (CMBitMap*) 0x000001dda97a8dc0
 Bits: [0x000001ddc1d70000, 0x000001ddc5c68000)

Polling page: 0x000001dda8f00000

Metaspace:

Usage:
  Non-class:      4.23 MB used.
      Class:    555.76 KB used.
       Both:      4.77 MB used.

Virtual space:
  Non-class space:       64.00 MB reserved,       4.31 MB (  7%) committed,  1 nodes.
      Class space:        1.00 GB reserved,     640.00 KB ( <1%) committed,  1 nodes.
             Both:        1.06 GB reserved,       4.94 MB ( <1%) committed. 

Chunk freelists:
   Non-Class:  9.98 MB
       Class:  15.39 MB
        Both:  25.38 MB

MaxMetaspaceSize: unlimited
CompressedClassSpaceSize: 1.00 GB
Initial GC threshold: 21.00 MB
Current GC threshold: 21.00 MB
CDS: on
 - commit_granule_bytes: 65536.
 - commit_granule_words: 8192.
 - virtual_space_node_default_size: 8388608.
 - enlarge_chunks_in_place: 1.
 - use_allocation_guard: 0.


Internal statistics:

num_allocs_failed_limit: 0.
num_arena_births: 150.
num_arena_deaths: 0.
num_vsnodes_births: 2.
num_vsnodes_deaths: 0.
num_space_committed: 79.
num_space_uncommitted: 0.
num_chunks_returned_to_freelist: 0.
num_chunks_taken_from_freelist: 263.
num_chunk_merges: 0.
num_chunk_splits: 178.
num_chunks_enlarged: 117.
num_inconsistent_stats: 0.

CodeHeap 'non-profiled nmethods': size=120000Kb used=389Kb max_used=389Kb free=119610Kb
 bounds [0x000001ddb9550000, 0x000001ddb97c0000, 0x000001ddc0a80000]
CodeHeap 'profiled nmethods': size=120000Kb used=1827Kb max_used=1827Kb free=118172Kb
 bounds [0x000001ddb1a80000, 0x000001ddb1cf0000, 0x000001ddb8fb0000]
CodeHeap 'non-nmethods': size=5760Kb used=1608Kb max_used=1622Kb free=4151Kb
 bounds [0x000001ddb8fb0000, 0x000001ddb9220000, 0x000001ddb9550000]
 total_blobs=1683 nmethods=1148 adapters=440
 compilation: enabled
              stopped_count=0, restarted_count=0
 full_count=0

Compilation events (20 events):
Event: 0.555 Thread 0x000001ddc86c9720 nmethod 1139 0x000001ddb1c43b10 code [0x000001ddb1c43ce0, 0x000001ddb1c440d0]
Event: 0.555 Thread 0x000001ddc86c9720 1140       3       jdk.internal.loader.BuiltinClassLoader::loadClass (22 bytes)
Event: 0.555 Thread 0x000001ddc86c9720 nmethod 1140 0x000001ddb1c44290 code [0x000001ddb1c44440, 0x000001ddb1c446f8]
Event: 0.555 Thread 0x000001ddc86c3510 nmethod 1136 0x000001ddb95b1390 code [0x000001ddb95b1500, 0x000001ddb95b1640]
Event: 0.557 Thread 0x000001ddc86c9720 1141       3       java.util.concurrent.locks.AbstractQueuedSynchronizer::releaseShared (19 bytes)
Event: 0.558 Thread 0x000001ddc86c9720 nmethod 1141 0x000001ddb1c44810 code [0x000001ddb1c44a20, 0x000001ddb1c45028]
Event: 0.558 Thread 0x000001ddc86c9720 1142       3       java.util.concurrent.locks.ReentrantReadWriteLock$Sync::tryAcquireShared (177 bytes)
Event: 0.558 Thread 0x000001ddc86c9720 nmethod 1142 0x000001ddb1c45210 code [0x000001ddb1c454a0, 0x000001ddb1c46330]
Event: 0.559 Thread 0x000001ddc86c9720 1143       3       java.util.concurrent.locks.ReentrantReadWriteLock$Sync::exclusiveCount (5 bytes)
Event: 0.559 Thread 0x000001ddc86c9720 nmethod 1143 0x000001ddb1c46810 code [0x000001ddb1c469a0, 0x000001ddb1c46a98]
Event: 0.559 Thread 0x000001ddc86c9720 1144       3       java.util.concurrent.locks.ReentrantReadWriteLock$Sync::sharedCount (5 bytes)
Event: 0.559 Thread 0x000001ddc86c9720 nmethod 1144 0x000001ddb1c46b10 code [0x000001ddb1c46ca0, 0x000001ddb1c46d90]
Event: 0.559 Thread 0x000001ddc86c9720 1145       3       java.util.concurrent.locks.ReentrantReadWriteLock$NonfairSync::readerShouldBlock (5 bytes)
Event: 0.559 Thread 0x000001ddc86c9720 nmethod 1145 0x000001ddb1c46e10 code [0x000001ddb1c46fc0, 0x000001ddb1c470f8]
Event: 0.559 Thread 0x000001ddc86c9720 1146       3       java.util.concurrent.locks.AbstractQueuedSynchronizer::apparentlyFirstQueuedIsExclusive (38 bytes)
Event: 0.559 Thread 0x000001ddc86c9720 nmethod 1146 0x000001ddb1c47190 code [0x000001ddb1c47340, 0x000001ddb1c47620]
Event: 0.559 Thread 0x000001ddc86c9720 1147   !   3       jdk.internal.module.ModuleReferences$SafeCloseModuleReader::open (55 bytes)
Event: 0.559 Thread 0x000001ddc86c9720 nmethod 1147 0x000001ddb1c47710 code [0x000001ddb1c47920, 0x000001ddb1c47ec8]
Event: 0.560 Thread 0x000001ddc86c9720 1148       3       java.lang.ClassLoader::compareCerts (197 bytes)
Event: 0.560 Thread 0x000001ddc86c9720 nmethod 1148 0x000001ddb1c48190 code [0x000001ddb1c483c0, 0x000001ddb1c48c08]

GC Heap History (2 events):
Event: 0.524 GC heap before
{Heap before GC invocations=0 (full 0):
 garbage-first heap   total reserved 4126720K, committed 258048K, used 22528K [0x0000000704200000, 0x0000000800000000)
  region size 2048K, 12 young (24576K), 0 survivors (0K)
 Metaspace       used 3928K, committed 4160K, reserved 1114112K
  class space    used 409K, committed 512K, reserved 1048576K
}
Event: 0.526 GC heap after
{Heap after GC invocations=1 (full 0):
 garbage-first heap   total reserved 4126720K, committed 258048K, used 2431K [0x0000000704200000, 0x0000000800000000)
  region size 2048K, 2 young (4096K), 2 survivors (4096K)
 Metaspace       used 3928K, committed 4160K, reserved 1114112K
  class space    used 409K, committed 512K, reserved 1048576K
}

Dll operation events (20 events):
Event: 0.377 Loaded shared library C:\Users\DELL\.openjfx\cache\20.0.1+2\amd64\api-ms-win-crt-filesystem-l1-1-0.dll
Event: 0.379 Loaded shared library C:\Users\DELL\.openjfx\cache\20.0.1+2\amd64\api-ms-win-crt-heap-l1-1-0.dll
Event: 0.381 Loaded shared library C:\Users\DELL\.openjfx\cache\20.0.1+2\amd64\api-ms-win-crt-locale-l1-1-0.dll
Event: 0.383 Loaded shared library C:\Users\DELL\.openjfx\cache\20.0.1+2\amd64\api-ms-win-crt-math-l1-1-0.dll
Event: 0.385 Loaded shared library C:\Users\DELL\.openjfx\cache\20.0.1+2\amd64\api-ms-win-crt-multibyte-l1-1-0.dll
Event: 0.387 Loaded shared library C:\Users\DELL\.openjfx\cache\20.0.1+2\amd64\api-ms-win-crt-private-l1-1-0.dll
Event: 0.388 Loaded shared library C:\Users\DELL\.openjfx\cache\20.0.1+2\amd64\api-ms-win-crt-process-l1-1-0.dll
Event: 0.390 Loaded shared library C:\Users\DELL\.openjfx\cache\20.0.1+2\amd64\api-ms-win-crt-runtime-l1-1-0.dll
Event: 0.392 Loaded shared library C:\Users\DELL\.openjfx\cache\20.0.1+2\amd64\api-ms-win-crt-stdio-l1-1-0.dll
Event: 0.394 Loaded shared library C:\Users\DELL\.openjfx\cache\20.0.1+2\amd64\api-ms-win-crt-string-l1-1-0.dll
Event: 0.396 Loaded shared library C:\Users\DELL\.openjfx\cache\20.0.1+2\amd64\api-ms-win-crt-time-l1-1-0.dll
Event: 0.397 Loaded shared library C:\Users\DELL\.openjfx\cache\20.0.1+2\amd64\api-ms-win-crt-utility-l1-1-0.dll
Event: 0.408 Loaded shared library C:\Users\DELL\.openjfx\cache\20.0.1+2\amd64\ucrtbase.dll
Event: 0.411 Loaded shared library C:\Users\DELL\.openjfx\cache\20.0.1+2\amd64\vcruntime140.dll
Event: 0.413 Loaded shared library C:\Users\DELL\.openjfx\cache\20.0.1+2\amd64\vcruntime140_1.dll
Event: 0.420 Loaded shared library C:\Users\DELL\.openjfx\cache\20.0.1+2\amd64\msvcp140.dll
Event: 0.422 Loaded shared library C:\Users\DELL\.openjfx\cache\20.0.1+2\amd64\msvcp140_1.dll
Event: 0.425 Loaded shared library C:\Users\DELL\.openjfx\cache\20.0.1+2\amd64\msvcp140_2.dll
Event: 0.452 Loaded shared library C:\Users\DELL\.openjfx\cache\20.0.1+2\amd64\prism_d3d.dll
Event: 0.486 Loaded shared library C:\Users\DELL\.openjfx\cache\20.0.1+2\amd64\glass.dll

Deoptimization events (20 events):
Event: 0.481 Thread 0x000001dda7676ed0 Uncommon trap: trap_request=0xffffffc6 fr.pc=0x000001ddb9588008 relative=0x0000000000000c88
Event: 0.481 Thread 0x000001dda7676ed0 Uncommon trap: reason=bimorphic_or_optimized_type_check action=maybe_recompile pc=0x000001ddb9588008 method=java.util.HashMap.putVal(ILjava/lang/Object;Ljava/lang/Object;ZZ)Ljava/lang/Object; @ 56 c2
Event: 0.481 Thread 0x000001dda7676ed0 DEOPT PACKING pc=0x000001ddb9588008 sp=0x0000002ce5dfd8f0
Event: 0.481 Thread 0x000001dda7676ed0 DEOPT UNPACKING pc=0x000001ddb9007da2 sp=0x0000002ce5dfd888 mode 2
Event: 0.481 Thread 0x000001dda7676ed0 Uncommon trap: trap_request=0xffffffc6 fr.pc=0x000001ddb9588008 relative=0x0000000000000c88
Event: 0.481 Thread 0x000001dda7676ed0 Uncommon trap: reason=bimorphic_or_optimized_type_check action=maybe_recompile pc=0x000001ddb9588008 method=java.util.HashMap.putVal(ILjava/lang/Object;Ljava/lang/Object;ZZ)Ljava/lang/Object; @ 56 c2
Event: 0.481 Thread 0x000001dda7676ed0 DEOPT PACKING pc=0x000001ddb9588008 sp=0x0000002ce5dfd8f0
Event: 0.481 Thread 0x000001dda7676ed0 DEOPT UNPACKING pc=0x000001ddb9007da2 sp=0x0000002ce5dfd888 mode 2
Event: 0.481 Thread 0x000001dda7676ed0 Uncommon trap: trap_request=0xffffffc6 fr.pc=0x000001ddb9588008 relative=0x0000000000000c88
Event: 0.481 Thread 0x000001dda7676ed0 Uncommon trap: reason=bimorphic_or_optimized_type_check action=maybe_recompile pc=0x000001ddb9588008 method=java.util.HashMap.putVal(ILjava/lang/Object;Ljava/lang/Object;ZZ)Ljava/lang/Object; @ 56 c2
Event: 0.481 Thread 0x000001dda7676ed0 DEOPT PACKING pc=0x000001ddb9588008 sp=0x0000002ce5dfd8f0
Event: 0.481 Thread 0x000001dda7676ed0 DEOPT UNPACKING pc=0x000001ddb9007da2 sp=0x0000002ce5dfd888 mode 2
Event: 0.481 Thread 0x000001dda7676ed0 Uncommon trap: trap_request=0xffffffc6 fr.pc=0x000001ddb9588008 relative=0x0000000000000c88
Event: 0.481 Thread 0x000001dda7676ed0 Uncommon trap: reason=bimorphic_or_optimized_type_check action=maybe_recompile pc=0x000001ddb9588008 method=java.util.HashMap.putVal(ILjava/lang/Object;Ljava/lang/Object;ZZ)Ljava/lang/Object; @ 56 c2
Event: 0.481 Thread 0x000001dda7676ed0 DEOPT PACKING pc=0x000001ddb9588008 sp=0x0000002ce5dfd8f0
Event: 0.481 Thread 0x000001dda7676ed0 DEOPT UNPACKING pc=0x000001ddb9007da2 sp=0x0000002ce5dfd888 mode 2
Event: 0.547 Thread 0x000001de0e6f46b0 Uncommon trap: trap_request=0xffffff45 fr.pc=0x000001ddb959d528 relative=0x0000000000000088
Event: 0.547 Thread 0x000001de0e6f46b0 Uncommon trap: reason=unstable_if action=reinterpret pc=0x000001ddb959d528 method=jdk.internal.misc.Unsafe.convEndian(ZI)I @ 4 c2
Event: 0.547 Thread 0x000001de0e6f46b0 DEOPT PACKING pc=0x000001ddb959d528 sp=0x0000002ce74fd5b0
Event: 0.547 Thread 0x000001de0e6f46b0 DEOPT UNPACKING pc=0x000001ddb9007da2 sp=0x0000002ce74fd4e0 mode 2

Classes loaded (20 events):
Event: 0.543 Loading class java/util/LinkedHashMap$LinkedValues
Event: 0.543 Loading class java/util/LinkedHashMap$LinkedValues done
Event: 0.543 Loading class java/util/LinkedHashMap$LinkedValueIterator
Event: 0.543 Loading class java/util/LinkedHashMap$LinkedValueIterator done
Event: 0.544 Loading class java/lang/reflect/Proxy$ProxyBuilder$ProxyClassContext
Event: 0.544 Loading class java/lang/reflect/Proxy$ProxyBuilder$ProxyClassContext done
Event: 0.544 Loading class java/lang/reflect/ProxyGenerator
Event: 0.545 Loading class java/lang/reflect/ProxyGenerator done
Event: 0.545 Loading class java/lang/reflect/ProxyGenerator$ProxyMethod
Event: 0.545 Loading class java/lang/reflect/ProxyGenerator$ProxyMethod done
Event: 0.545 Loading class java/lang/reflect/ProxyGenerator$PrimitiveTypeInfo
Event: 0.546 Loading class java/lang/reflect/ProxyGenerator$PrimitiveTypeInfo done
Event: 0.546 Loading class jdk/internal/org/objectweb/asm/Edge
Event: 0.546 Loading class jdk/internal/org/objectweb/asm/Edge done
Event: 0.546 Loading class java/lang/reflect/Proxy$ProxyBuilder$1
Event: 0.546 Loading class java/lang/reflect/Proxy$ProxyBuilder$1 done
Event: 0.547 Loading class java/lang/annotation/Target
Event: 0.547 Loading class java/lang/annotation/Target done
Event: 0.550 Loading class java/lang/StackTraceElement$HashedModules
Event: 0.550 Loading class java/lang/StackTraceElement$HashedModules done

Classes unloaded (0 events):
No events

Classes redefined (0 events):
No events

Internal exceptions (19 events):
Event: 0.105 Thread 0x000001dda7676ed0 Exception <a 'java/lang/NoSuchMethodError'{0x0000000713bc5d00}: 'void java.lang.invoke.DirectMethodHandle$Holder.invokeSpecial(java.lang.Object, java.lang.Object, java.lang.Object)'> (0x0000000713bc5d00) 
thrown [s\open\src\hotspot\share\interpreter\linkResolver.cpp, line 774]
Event: 0.108 Thread 0x000001dda7676ed0 Exception <a 'java/lang/NoSuchMethodError'{0x0000000713bd2c40}: 'java.lang.Object java.lang.invoke.DirectMethodHandle$Holder.invokeVirtual(java.lang.Object, java.lang.Object, java.lang.Object)'> (0x0000000713bd2c40) 
thrown [s\open\src\hotspot\share\interpreter\linkResolver.cpp, line 774]
Event: 0.148 Thread 0x000001dda7676ed0 Exception <a 'java/lang/NoSuchMethodError'{0x0000000713646110}: 'void java.lang.invoke.DirectMethodHandle$Holder.invokeVirtual(java.lang.Object, java.lang.Object)'> (0x0000000713646110) 
thrown [s\open\src\hotspot\share\interpreter\linkResolver.cpp, line 774]
Event: 0.149 Thread 0x000001dda7676ed0 Exception <a 'java/lang/NoSuchMethodError'{0x0000000713650e08}: 'java.lang.Object java.lang.invoke.DirectMethodHandle$Holder.invokeInterface(java.lang.Object, java.lang.Object, java.lang.Object)'> (0x0000000713650e08) 
thrown [s\open\src\hotspot\share\interpreter\linkResolver.cpp, line 774]
Event: 0.191 Thread 0x000001dda7676ed0 Exception <a 'java/lang/NoSuchMethodError'{0x0000000713274900}: 'void java.lang.invoke.DirectMethodHandle$Holder.invokeSpecial(java.lang.Object, java.lang.Object, java.lang.Object, java.lang.Object, java.lang.Object)'> (0x0000000713274900) 
thrown [s\open\src\hotspot\share\interpreter\linkResolver.cpp, line 774]
Event: 0.194 Thread 0x000001dda7676ed0 Exception <a 'java/lang/NoSuchMethodError'{0x000000071328a420}: 'java.lang.Object java.lang.invoke.DirectMethodHandle$Holder.invokeInterface(java.lang.Object, java.lang.Object)'> (0x000000071328a420) 
thrown [s\open\src\hotspot\share\interpreter\linkResolver.cpp, line 774]
Event: 0.194 Thread 0x000001dda7676ed0 Exception <a 'java/lang/IncompatibleClassChangeError'{0x000000071328d698}: Found class java.lang.Object, but interface was expected> (0x000000071328d698) 
thrown [s\open\src\hotspot\share\interpreter\linkResolver.cpp, line 841]
Event: 0.195 Thread 0x000001dda7676ed0 Exception <a 'java/lang/NoSuchMethodError'{0x0000000713290078}: 'void java.lang.invoke.DirectMethodHandle$Holder.invokeStatic(java.lang.Object, java.lang.Object, java.lang.Object, java.lang.Object)'> (0x0000000713290078) 
thrown [s\open\src\hotspot\share\interpreter\linkResolver.cpp, line 774]
Event: 0.221 Thread 0x000001dda7676ed0 Exception <a 'java/lang/NoSuchMethodError'{0x0000000713397210}: 'void java.lang.invoke.DirectMethodHandle$Holder.invokeStatic(java.lang.Object, java.lang.Object, java.lang.Object)'> (0x0000000713397210) 
thrown [s\open\src\hotspot\share\interpreter\linkResolver.cpp, line 774]
Event: 0.225 Thread 0x000001dda7676ed0 Exception <a 'java/lang/NoSuchMethodError'{0x00000007133ad258}: 'java.lang.Object java.lang.invoke.Invokers$Holder.invokeExact_MT(java.lang.Object, java.lang.Object, java.lang.Object, java.lang.Object, java.lang.Object)'> (0x00000007133ad258) 
thrown [s\open\src\hotspot\share\interpreter\linkResolver.cpp, line 774]
Event: 0.234 Thread 0x000001de0e356a20 Exception <a 'java/lang/ClassNotFoundException'{0x0000000713004148}: jdk/net/ExtendedSocketOptions> (0x0000000713004148) 
thrown [s\open\src\hotspot\share\classfile\systemDictionary.cpp, line 313]
Event: 0.234 Thread 0x000001de0e356a20 Exception <a 'java/lang/NoSuchMethodError'{0x0000000713005898}: 'void java.lang.invoke.DirectMethodHandle$Holder.invokeStatic(java.lang.Object, java.lang.Object)'> (0x0000000713005898) 
thrown [s\open\src\hotspot\share\interpreter\linkResolver.cpp, line 774]
Event: 0.241 Thread 0x000001dda7676ed0 Exception <a 'java/lang/NoSuchMethodError'{0x00000007130da250}: 'java.lang.Object java.lang.invoke.Invokers$Holder.invokeExact_MT(java.lang.Object, java.lang.Object, java.lang.Object, java.lang.Object, java.lang.Object, java.lang.Object)'> (0x00000007130da250) 
thrown [s\open\src\hotspot\share\interpreter\linkResolver.cpp, line 774]
Event: 0.473 Thread 0x000001dda7676ed0 Exception <a 'java/lang/NoSuchMethodError'{0x0000000712bcbb58}: 'int java.lang.invoke.DirectMethodHandle$Holder.invokeStaticInit(java.lang.Object, java.lang.Object, java.lang.Object)'> (0x0000000712bcbb58) 
thrown [s\open\src\hotspot\share\interpreter\linkResolver.cpp, line 774]
Event: 0.490 Thread 0x000001dda7676ed0 Exception <a 'java/lang/NoSuchMethodError'{0x0000000712930a80}: 'java.lang.Object java.lang.invoke.DirectMethodHandle$Holder.newInvokeSpecial(java.lang.Object, java.lang.Object, int, java.lang.Object)'> (0x0000000712930a80) 
thrown [s\open\src\hotspot\share\interpreter\linkResolver.cpp, line 774]
Event: 0.491 Thread 0x000001dda7676ed0 Exception <a 'java/lang/NoSuchMethodError'{0x0000000712934cb8}: 'java.lang.Object java.lang.invoke.DirectMethodHandle$Holder.invokeSpecial(java.lang.Object, java.lang.Object, java.lang.Object, int, java.lang.Object)'> (0x0000000712934cb8) 
thrown [s\open\src\hotspot\share\interpreter\linkResolver.cpp, line 774]
Event: 0.535 Thread 0x000001de0e6f46b0 Exception <a 'java/lang/NoSuchMethodError'{0x0000000713a0dee8}: 'void java.lang.invoke.DirectMethodHandle$Holder.invokeStaticInit(java.lang.Object)'> (0x0000000713a0dee8) 
thrown [s\open\src\hotspot\share\interpreter\linkResolver.cpp, line 774]
Event: 0.538 Thread 0x000001dda7676ed0 Exception <a 'java/lang/NoSuchMethodError'{0x0000000713a47cd8}: 'java.lang.Object java.lang.invoke.DirectMethodHandle$Holder.newInvokeSpecial(java.lang.Object, java.lang.Object, java.lang.Object, java.lang.Object, java.lang.Object, java.lang.Object)'> (0x0000000713a47cd8) 
thrown [s\open\src\hotspot\share\interpreter\linkResolver.cpp, line 774]
Event: 0.551 Thread 0x000001dda7676ed0 Exception <a 'java/lang/NoSuchMethodError'{0x0000000713a81db8}: 'java.lang.Object java.lang.invoke.DirectMethodHandle$Holder.newInvokeSpecial(java.lang.Object, java.lang.Object, java.lang.Object, java.lang.Object, java.lang.Object)'> (0x0000000713a81db8) 
thrown [s\open\src\hotspot\share\interpreter\linkResolver.cpp, line 774]

ZGC Phase Switch (0 events):
No events

VM Operations (10 events):
Event: 0.091 Executing VM operation: HandshakeAllThreads (Deoptimize)
Event: 0.091 Executing VM operation: HandshakeAllThreads (Deoptimize) done
Event: 0.107 Executing VM operation: HandshakeAllThreads (Deoptimize)
Event: 0.107 Executing VM operation: HandshakeAllThreads (Deoptimize) done
Event: 0.192 Executing VM operation: HandshakeAllThreads (Deoptimize)
Event: 0.192 Executing VM operation: HandshakeAllThreads (Deoptimize) done
Event: 0.481 Executing VM operation: HandshakeAllThreads (Deoptimize)
Event: 0.481 Executing VM operation: HandshakeAllThreads (Deoptimize) done
Event: 0.524 Executing VM operation: G1CollectForAllocation (G1 Evacuation Pause)
Event: 0.526 Executing VM operation: G1CollectForAllocation (G1 Evacuation Pause) done

Events (20 events):
Event: 0.020 Thread 0x000001dda7676ed0 Thread added: 0x000001dda7676ed0
Event: 0.034 Thread 0x000001ddc86a7960 Thread added: 0x000001ddc86a7960
Event: 0.034 Thread 0x000001ddc86a8970 Thread added: 0x000001ddc86a8970
Event: 0.034 Thread 0x000001ddc86b7700 Thread added: 0x000001ddc86b7700
Event: 0.035 Thread 0x000001ddc86b8450 Thread added: 0x000001ddc86b8450
Event: 0.035 Thread 0x000001ddc86bc100 Thread added: 0x000001ddc86bc100
Event: 0.035 Thread 0x000001ddc86bcc50 Thread added: 0x000001ddc86bcc50
Event: 0.035 Thread 0x000001ddc86c3510 Thread added: 0x000001ddc86c3510
Event: 0.035 Thread 0x000001ddc86c9720 Thread added: 0x000001ddc86c9720
Event: 0.058 Thread 0x000001ddc88d9dd0 Thread added: 0x000001ddc88d9dd0
Event: 0.105 Thread 0x000001ddc86c82b0 Thread added: 0x000001ddc86c82b0
Event: 0.200 Thread 0x000001ddc86c8980 Thread added: 0x000001ddc86c8980
Event: 0.229 Thread 0x000001de0e356a20 Thread added: 0x000001de0e356a20
Event: 0.229 Thread 0x000001de0e3578a0 Thread added: 0x000001de0e3578a0
Event: 0.446 Thread 0x000001de0e6f74a0 Thread added: 0x000001de0e6f74a0
Event: 0.488 Thread 0x000001de0e6f7b30 Thread added: 0x000001de0e6f7b30
Event: 0.492 Thread 0x000001de0e6f46b0 Thread added: 0x000001de0e6f46b0
Event: 0.523 Thread 0x000001ddc86c8980 Thread exited: 0x000001ddc86c8980
Event: 0.551 Thread 0x000001de0e6f4d40 Thread added: 0x000001de0e6f4d40
Event: 0.555 Thread 0x000001de0e6f53d0 Thread added: 0x000001de0e6f53d0


Dynamic libraries:
0x00007ff78f1f0000 - 0x00007ff78f1fe000 	C:\Users\DELL\.jdks\openjdk-22\bin\java.exe
0x00007ffd7c550000 - 0x00007ffd7c767000 	C:\WINDOWS\SYSTEM32\ntdll.dll
0x00007ffd7b180000 - 0x00007ffd7b244000 	C:\WINDOWS\System32\KERNEL32.DLL
0x00007ffd79c20000 - 0x00007ffd79fc7000 	C:\WINDOWS\System32\KERNELBASE.dll
0x00007ffd79a60000 - 0x00007ffd79b71000 	C:\WINDOWS\System32\ucrtbase.dll
0x00007ffd3f820000 - 0x00007ffd3f837000 	C:\Users\DELL\.jdks\openjdk-22\bin\jli.dll
0x00007ffd3b180000 - 0x00007ffd3b19b000 	C:\Users\DELL\.jdks\openjdk-22\bin\VCRUNTIME140.dll
0x00007ffd7b370000 - 0x00007ffd7b51e000 	C:\WINDOWS\System32\USER32.dll
0x00007ffd5a890000 - 0x00007ffd5ab23000 	C:\WINDOWS\WinSxS\amd64_microsoft.windows.common-controls_6595b64144ccf1df_6.0.22621.3527_none_270e469b73872a76\COMCTL32.dll
0x00007ffd79b80000 - 0x00007ffd79ba6000 	C:\WINDOWS\System32\win32u.dll
0x00007ffd7b020000 - 0x00007ffd7b0c7000 	C:\WINDOWS\System32\msvcrt.dll
0x00007ffd7aff0000 - 0x00007ffd7b019000 	C:\WINDOWS\System32\GDI32.dll
0x00007ffd79940000 - 0x00007ffd79a59000 	C:\WINDOWS\System32\gdi32full.dll
0x00007ffd79870000 - 0x00007ffd7990a000 	C:\WINDOWS\System32\msvcp_win.dll
0x00007ffd7b7d0000 - 0x00007ffd7b801000 	C:\WINDOWS\System32\IMM32.DLL
0x00007ffd5ae80000 - 0x00007ffd5ae8c000 	C:\Users\DELL\.jdks\openjdk-22\bin\vcruntime140_1.dll
0x00007ffd29ff0000 - 0x00007ffd2a07e000 	C:\Users\DELL\.jdks\openjdk-22\bin\msvcp140.dll
0x00007ffcedc50000 - 0x00007ffcee998000 	C:\Users\DELL\.jdks\openjdk-22\bin\server\jvm.dll
0x00007ffd7c2f0000 - 0x00007ffd7c3a2000 	C:\WINDOWS\System32\ADVAPI32.dll
0x00007ffd7b0d0000 - 0x00007ffd7b178000 	C:\WINDOWS\System32\sechost.dll
0x00007ffd79910000 - 0x00007ffd79938000 	C:\WINDOWS\System32\bcrypt.dll
0x00007ffd7b250000 - 0x00007ffd7b365000 	C:\WINDOWS\System32\RPCRT4.dll
0x00007ffd7bd70000 - 0x00007ffd7bde1000 	C:\WINDOWS\System32\WS2_32.dll
0x00007ffd786f0000 - 0x00007ffd7873d000 	C:\WINDOWS\SYSTEM32\POWRPROF.dll
0x00007ffd768a0000 - 0x00007ffd768d4000 	C:\WINDOWS\SYSTEM32\WINMM.dll
0x00007ffd71b90000 - 0x00007ffd71b9a000 	C:\WINDOWS\SYSTEM32\VERSION.dll
0x00007ffd786d0000 - 0x00007ffd786e3000 	C:\WINDOWS\SYSTEM32\UMPDC.dll
0x00007ffd78980000 - 0x00007ffd78998000 	C:\WINDOWS\SYSTEM32\kernel.appcore.dll
0x00007ffd5ace0000 - 0x00007ffd5acea000 	C:\Users\DELL\.jdks\openjdk-22\bin\jimage.dll
0x00007ffd76c40000 - 0x00007ffd76e73000 	C:\WINDOWS\SYSTEM32\DBGHELP.DLL
0x00007ffd7bed0000 - 0x00007ffd7c258000 	C:\WINDOWS\System32\combase.dll
0x00007ffd7a290000 - 0x00007ffd7a367000 	C:\WINDOWS\System32\OLEAUT32.dll
0x00007ffd76860000 - 0x00007ffd76892000 	C:\WINDOWS\SYSTEM32\dbgcore.DLL
0x00007ffd7a090000 - 0x00007ffd7a109000 	C:\WINDOWS\System32\bcryptPrimitives.dll
0x00007ffd76250000 - 0x00007ffd7625f000 	C:\Users\DELL\.jdks\openjdk-22\bin\instrument.dll
0x00007ffd3aad0000 - 0x00007ffd3aaee000 	C:\Users\DELL\.jdks\openjdk-22\bin\java.dll
0x00007ffd7a700000 - 0x00007ffd7af5c000 	C:\WINDOWS\System32\SHELL32.dll
0x00007ffd7b620000 - 0x00007ffd7b7c5000 	C:\WINDOWS\System32\ole32.dll
0x00007ffd777c0000 - 0x00007ffd780b6000 	C:\WINDOWS\SYSTEM32\windows.storage.dll
0x00007ffd77680000 - 0x00007ffd777be000 	C:\WINDOWS\SYSTEM32\wintypes.dll
0x00007ffd7b520000 - 0x00007ffd7b615000 	C:\WINDOWS\System32\SHCORE.dll
0x00007ffd7a380000 - 0x00007ffd7a3de000 	C:\WINDOWS\System32\shlwapi.dll
0x00007ffd797a0000 - 0x00007ffd797c1000 	C:\WINDOWS\SYSTEM32\profapi.dll
0x00007ffcf89d0000 - 0x00007ffcf8aa7000 	C:\Users\DELL\.jdks\openjdk-22\bin\jsvml.dll
0x00007ffd5a1f0000 - 0x00007ffd5a200000 	C:\Users\DELL\.jdks\openjdk-22\bin\net.dll
0x00007ffd78df0000 - 0x00007ffd78e59000 	C:\WINDOWS\system32\mswsock.dll
0x00007ffd2f300000 - 0x00007ffd2f316000 	C:\Users\DELL\.jdks\openjdk-22\bin\nio.dll
0x00007ffd2efd0000 - 0x00007ffd2efe7000 	C:\Users\DELL\.jdks\openjdk-22\bin\zip.dll
0x00007ffd68310000 - 0x00007ffd6832a000 	C:\Program Files\JetBrains\IntelliJ IDEA 2023.3.6\bin\breakgen64.dll
0x000001ddc8c30000 - 0x000001ddc8c33000 	C:\Users\DELL\.openjfx\cache\20.0.1+2\amd64\api-ms-win-core-console-l1-1-0.dll
0x000001ddc8c40000 - 0x000001ddc8c43000 	C:\Users\DELL\.openjfx\cache\20.0.1+2\amd64\api-ms-win-core-console-l1-2-0.dll
0x000001ddc8c50000 - 0x000001ddc8c53000 	C:\Users\DELL\.openjfx\cache\20.0.1+2\amd64\api-ms-win-core-datetime-l1-1-0.dll
0x000001ddc8c60000 - 0x000001ddc8c63000 	C:\Users\DELL\.openjfx\cache\20.0.1+2\amd64\api-ms-win-core-debug-l1-1-0.dll
0x000001ddc8c70000 - 0x000001ddc8c73000 	C:\Users\DELL\.openjfx\cache\20.0.1+2\amd64\api-ms-win-core-errorhandling-l1-1-0.dll
0x000001ddc8c80000 - 0x000001ddc8c84000 	C:\Users\DELL\.openjfx\cache\20.0.1+2\amd64\api-ms-win-core-file-l1-1-0.dll
0x000001ddc8c90000 - 0x000001ddc8c93000 	C:\Users\DELL\.openjfx\cache\20.0.1+2\amd64\api-ms-win-core-file-l1-2-0.dll
0x000001ddc8ca0000 - 0x000001ddc8ca3000 	C:\Users\DELL\.openjfx\cache\20.0.1+2\amd64\api-ms-win-core-file-l2-1-0.dll
0x000001ddc8cb0000 - 0x000001ddc8cb3000 	C:\Users\DELL\.openjfx\cache\20.0.1+2\amd64\api-ms-win-core-handle-l1-1-0.dll
0x000001ddc8cc0000 - 0x000001ddc8cc3000 	C:\Users\DELL\.openjfx\cache\20.0.1+2\amd64\api-ms-win-core-heap-l1-1-0.dll
0x000001ddc8cd0000 - 0x000001ddc8cd3000 	C:\Users\DELL\.openjfx\cache\20.0.1+2\amd64\api-ms-win-core-interlocked-l1-1-0.dll
0x000001ddc8ce0000 - 0x000001ddc8ce3000 	C:\Users\DELL\.openjfx\cache\20.0.1+2\amd64\api-ms-win-core-libraryloader-l1-1-0.dll
0x000001ddc8cf0000 - 0x000001ddc8cf3000 	C:\Users\DELL\.openjfx\cache\20.0.1+2\amd64\api-ms-win-core-localization-l1-2-0.dll
0x000001ddc8d00000 - 0x000001ddc8d03000 	C:\Users\DELL\.openjfx\cache\20.0.1+2\amd64\api-ms-win-core-memory-l1-1-0.dll
0x000001ddc8d10000 - 0x000001ddc8d13000 	C:\Users\DELL\.openjfx\cache\20.0.1+2\amd64\api-ms-win-core-namedpipe-l1-1-0.dll
0x000001ddc8d20000 - 0x000001ddc8d23000 	C:\Users\DELL\.openjfx\cache\20.0.1+2\amd64\api-ms-win-core-processenvironment-l1-1-0.dll
0x000001ddc8d30000 - 0x000001ddc8d33000 	C:\Users\DELL\.openjfx\cache\20.0.1+2\amd64\api-ms-win-core-processthreads-l1-1-0.dll
0x000001ddc8d40000 - 0x000001ddc8d43000 	C:\Users\DELL\.openjfx\cache\20.0.1+2\amd64\api-ms-win-core-processthreads-l1-1-1.dll
0x000001ddc8d50000 - 0x000001ddc8d53000 	C:\Users\DELL\.openjfx\cache\20.0.1+2\amd64\api-ms-win-core-profile-l1-1-0.dll
0x000001ddc8d60000 - 0x000001ddc8d63000 	C:\Users\DELL\.openjfx\cache\20.0.1+2\amd64\api-ms-win-core-rtlsupport-l1-1-0.dll
0x000001ddc8d70000 - 0x000001ddc8d73000 	C:\Users\DELL\.openjfx\cache\20.0.1+2\amd64\api-ms-win-core-string-l1-1-0.dll
0x000001ddc8d80000 - 0x000001ddc8d83000 	C:\Users\DELL\.openjfx\cache\20.0.1+2\amd64\api-ms-win-core-synch-l1-1-0.dll
0x000001ddc8d90000 - 0x000001ddc8d93000 	C:\Users\DELL\.openjfx\cache\20.0.1+2\amd64\api-ms-win-core-synch-l1-2-0.dll
0x000001ddc8da0000 - 0x000001ddc8da3000 	C:\Users\DELL\.openjfx\cache\20.0.1+2\amd64\api-ms-win-core-sysinfo-l1-1-0.dll
0x000001ddc8db0000 - 0x000001ddc8db3000 	C:\Users\DELL\.openjfx\cache\20.0.1+2\amd64\api-ms-win-core-timezone-l1-1-0.dll
0x000001ddc8dc0000 - 0x000001ddc8dc3000 	C:\Users\DELL\.openjfx\cache\20.0.1+2\amd64\api-ms-win-core-util-l1-1-0.dll
0x000001ddc8dd0000 - 0x000001ddc8dd3000 	C:\Users\DELL\.openjfx\cache\20.0.1+2\amd64\api-ms-win-crt-conio-l1-1-0.dll
0x000001ddc8de0000 - 0x000001ddc8de4000 	C:\Users\DELL\.openjfx\cache\20.0.1+2\amd64\api-ms-win-crt-convert-l1-1-0.dll
0x000001ddc8df0000 - 0x000001ddc8df3000 	C:\Users\DELL\.openjfx\cache\20.0.1+2\amd64\api-ms-win-crt-environment-l1-1-0.dll
0x000001ddc8e00000 - 0x000001ddc8e03000 	C:\Users\DELL\.openjfx\cache\20.0.1+2\amd64\api-ms-win-crt-filesystem-l1-1-0.dll
0x000001ddc8e10000 - 0x000001ddc8e13000 	C:\Users\DELL\.openjfx\cache\20.0.1+2\amd64\api-ms-win-crt-heap-l1-1-0.dll
0x000001ddc8e20000 - 0x000001ddc8e23000 	C:\Users\DELL\.openjfx\cache\20.0.1+2\amd64\api-ms-win-crt-locale-l1-1-0.dll
0x000001ddc8e30000 - 0x000001ddc8e35000 	C:\Users\DELL\.openjfx\cache\20.0.1+2\amd64\api-ms-win-crt-math-l1-1-0.dll
0x000001ddc8e40000 - 0x000001ddc8e45000 	C:\Users\DELL\.openjfx\cache\20.0.1+2\amd64\api-ms-win-crt-multibyte-l1-1-0.dll
0x000001ddc8e50000 - 0x000001ddc8e60000 	C:\Users\DELL\.openjfx\cache\20.0.1+2\amd64\api-ms-win-crt-private-l1-1-0.dll
0x000001ddc8e60000 - 0x000001ddc8e63000 	C:\Users\DELL\.openjfx\cache\20.0.1+2\amd64\api-ms-win-crt-process-l1-1-0.dll
0x000001ddc8e70000 - 0x000001ddc8e74000 	C:\Users\DELL\.openjfx\cache\20.0.1+2\amd64\api-ms-win-crt-runtime-l1-1-0.dll
0x000001ddc8e80000 - 0x000001ddc8e84000 	C:\Users\DELL\.openjfx\cache\20.0.1+2\amd64\api-ms-win-crt-stdio-l1-1-0.dll
0x000001ddc8e90000 - 0x000001ddc8e94000 	C:\Users\DELL\.openjfx\cache\20.0.1+2\amd64\api-ms-win-crt-string-l1-1-0.dll
0x000001ddc8ea0000 - 0x000001ddc8ea3000 	C:\Users\DELL\.openjfx\cache\20.0.1+2\amd64\api-ms-win-crt-time-l1-1-0.dll
0x000001ddc8eb0000 - 0x000001ddc8eb3000 	C:\Users\DELL\.openjfx\cache\20.0.1+2\amd64\api-ms-win-crt-utility-l1-1-0.dll
0x00007ffd2f4c0000 - 0x00007ffd2f5bc000 	C:\Users\DELL\.openjfx\cache\20.0.1+2\amd64\ucrtbase.dll
0x00007ffd65620000 - 0x00007ffd6563b000 	C:\Users\DELL\.openjfx\cache\20.0.1+2\amd64\vcruntime140.dll
0x00007ffd682f0000 - 0x00007ffd682fc000 	C:\Users\DELL\.openjfx\cache\20.0.1+2\amd64\vcruntime140_1.dll
0x00007ffd2a2f0000 - 0x00007ffd2a37e000 	C:\Users\DELL\.openjfx\cache\20.0.1+2\amd64\msvcp140.dll
0x00007ffd65610000 - 0x00007ffd65619000 	C:\Users\DELL\.openjfx\cache\20.0.1+2\amd64\msvcp140_1.dll
0x00007ffd64e40000 - 0x00007ffd64e70000 	C:\Users\DELL\.openjfx\cache\20.0.1+2\amd64\msvcp140_2.dll
0x00007ffd62da0000 - 0x00007ffd62dcf000 	C:\Users\DELL\.openjfx\cache\20.0.1+2\amd64\prism_d3d.dll
0x00007ffd07de0000 - 0x00007ffd07f89000 	C:\WINDOWS\system32\d3d9.dll
0x00007ffd767f0000 - 0x00007ffd7681b000 	C:\WINDOWS\SYSTEM32\dwmapi.dll
0x00007ffd76b40000 - 0x00007ffd76b79000 	C:\WINDOWS\SYSTEM32\dxcore.dll
0x00007ffd76570000 - 0x00007ffd7661b000 	C:\WINDOWS\system32\uxtheme.dll
0x00007ffd04d80000 - 0x00007ffd04fbf000 	C:\WINDOWS\System32\DriverStore\FileRepository\iigd_dch.inf_amd64_c72300957b29169c\igdumdim64.dll
0x00007ffcfe9c0000 - 0x00007ffcffd24000 	C:\WINDOWS\System32\DriverStore\FileRepository\iigd_dch.inf_amd64_c72300957b29169c\igd9dxva64.dll
0x00007ffd7b8f0000 - 0x00007ffd7bd64000 	C:\WINDOWS\System32\SETUPAPI.dll
0x00007ffd79500000 - 0x00007ffd7954e000 	C:\WINDOWS\SYSTEM32\cfgmgr32.dll
0x00007ffd027e0000 - 0x00007ffd04505000 	C:\WINDOWS\System32\DriverStore\FileRepository\iigd_dch.inf_amd64_c72300957b29169c\media_bin_64.dll
0x00007ffd6e2e0000 - 0x00007ffd6e71b000 	C:\WINDOWS\System32\DriverStore\FileRepository\iigd_dch.inf_amd64_c72300957b29169c\igdgmm64.dll
0x00007ffd73850000 - 0x00007ffd7389a000 	C:\WINDOWS\SYSTEM32\directxdatabasehelper.dll
0x00007ffd623a0000 - 0x00007ffd623e2000 	C:\Users\DELL\.openjfx\cache\20.0.1+2\amd64\glass.dll
0x00007ffd7a600000 - 0x00007ffd7a6f7000 	C:\WINDOWS\System32\COMDLG32.dll
0x00007ffd7c3b0000 - 0x00007ffd7c503000 	C:\WINDOWS\System32\MSCTF.dll
0x00007ffd61c00000 - 0x00007ffd61c27000 	C:\WINDOWS\System32\DriverStore\FileRepository\iigd_dch.inf_amd64_c72300957b29169c\igdinfo64.dll
0x00007ffd6a250000 - 0x00007ffd6e11b000 	C:\WINDOWS\System32\DriverStore\FileRepository\iigd_dch.inf_amd64_c72300957b29169c\igc64.dll

dbghelp: loaded successfully - version: 4.0.5 - missing functions: none
symbol engine: initialized successfully - sym options: 0x614 - pdb path: .;C:\Users\DELL\.jdks\openjdk-22\bin;C:\WINDOWS\SYSTEM32;C:\WINDOWS\WinSxS\amd64_microsoft.windows.common-controls_6595b64144ccf1df_6.0.22621.3527_none_270e469b73872a76;C:\Users\DELL\.jdks\openjdk-22\bin\server;C:\Program Files\JetBrains\IntelliJ IDEA 2023.3.6\bin;C:\Users\DELL\.openjfx\cache\20.0.1+2\amd64;C:\WINDOWS\System32\DriverStore\FileRepository\iigd_dch.inf_amd64_c72300957b29169c

VM Arguments:
jvm_args: -javaagent:C:\Program Files\JetBrains\IntelliJ IDEA 2023.3.6\lib\idea_rt.jar=61560:C:\Program Files\JetBrains\IntelliJ IDEA 2023.3.6\bin -Dfile.encoding=UTF-8 -Dsun.stdout.encoding=UTF-8 -Dsun.stderr.encoding=UTF-8 --module-path=C:\Users\DELL\.m2\repository\org\openjfx\javafx-base\20.0.1\javafx-base-20.0.1-win.jar;C:\Users\DELL\.m2\repository\net\sf\sociaal\freetts\1.2.2\freetts-1.2.2.jar;C:\Users\DELL\.m2\repository\com\fasterxml\jackson\core\jackson-databind\2.13.0\jackson-databind-2.13.0.jar;C:\Users\DELL\.m2\repository\org\openjfx\javafx-media\18\javafx-media-18-win.jar;C:\Users\DELL\.m2\repository\com\googlecode\soundlibs\jlayer\1.0.1-2\jlayer-1.0.1-2.jar;C:\Users\DELL\.m2\repository\org\json\json\20190722\json-20190722.jar;C:\Users\DELL\.m2\repository\org\openjfx\javafx-controls\20.0.1\javafx-controls-20.0.1-win.jar;C:\Users\DELL\.m2\repository\org\kordamp\bootstrapfx\bootstrapfx-core\0.4.0\bootstrapfx-core-0.4.0.jar;C:\Users\DELL\.m2\repository\com\fasterxml\jackson\core\jackson-annotations\2.15.2\jackson-annotations-2.15.2.jar;F:\2ndSemester_2ndYear\OOP\UseInteliJUltimate\BestDictionaryEver\target\classes;C:\Users\DELL\.m2\repository\org\openjfx\javafx-fxml\20.0.1\javafx-fxml-20.0.1-win.jar;C:\Users\DELL\.m2\repository\com\fasterxml\jackson\core\jackson-core\2.13.0\jackson-core-2.13.0.jar;C:\Users\DELL\.m2\repository\org\openjfx\javafx-graphics\20.0.1\javafx-graphics-20.0.1-win.jar;C:\Users\DELL\.m2\repository\org\controlsfx\controlsfx\11.1.2\controlsfx-11.1.2.jar -Djdk.module.main=com.example.bestdictionaryever 
java_command: com.example.bestdictionaryever/com.example.bestdictionaryever.Application
java_class_path (initial): C:\Users\DELL\.m2\repository\mysql\mysql-connector-java\8.0.26\mysql-connector-java-8.0.26.jar;C:\Users\DELL\.m2\repository\com\google\protobuf\protobuf-java\3.11.4\protobuf-java-3.11.4.jar;C:\Users\DELL\.m2\repository\org\openjfx\javafx-controls\20.0.1\javafx-controls-20.0.1.jar;C:\Users\DELL\.m2\repository\org\openjfx\javafx-graphics\20.0.1\javafx-graphics-20.0.1.jar;C:\Users\DELL\.m2\repository\org\openjfx\javafx-base\20.0.1\javafx-base-20.0.1.jar;C:\Users\DELL\.m2\repository\org\openjfx\javafx-media\18\javafx-media-18.jar;C:\Users\DELL\.m2\repository\org\openjfx\javafx-fxml\20.0.1\javafx-fxml-20.0.1.jar;C:\Users\DELL\.m2\repository\org\eclipse\aether\aether-util\1.0.0.v20140518\aether-util-1.0.0.v20140518.jar;C:\Users\DELL\.m2\repository\org\eclipse\aether\aether-api\1.0.0.v20140518\aether-api-1.0.0.v20140518.jar;C:\Users\DELL\.m2\repository\junit\junit\3.8.2\junit-3.8.2.jar
Launcher Type: SUN_STANDARD

[Global flags]
     intx CICompilerCount                          = 4                                         {product} {ergonomic}
     uint ConcGCThreads                            = 2                                         {product} {ergonomic}
     uint G1ConcRefinementThreads                  = 8                                         {product} {ergonomic}
   size_t G1HeapRegionSize                         = 2097152                                   {product} {ergonomic}
   size_t InitialHeapSize                          = 264241152                                 {product} {ergonomic}
   size_t MarkStackSize                            = 4194304                                   {product} {ergonomic}
   size_t MaxHeapSize                              = 4225761280                                {product} {ergonomic}
   size_t MaxNewSize                               = 2535456768                                {product} {ergonomic}
   size_t MinHeapDeltaBytes                        = 2097152                                   {product} {ergonomic}
   size_t MinHeapSize                              = 8388608                                   {product} {ergonomic}
    uintx NonNMethodCodeHeapSize                   = 5839372                                {pd product} {ergonomic}
    uintx NonProfiledCodeHeapSize                  = 122909434                              {pd product} {ergonomic}
    uintx ProfiledCodeHeapSize                     = 122909434                              {pd product} {ergonomic}
    uintx ReservedCodeCacheSize                    = 251658240                              {pd product} {ergonomic}
     bool SegmentedCodeCache                       = true                                      {product} {ergonomic}
   size_t SoftMaxHeapSize                          = 4225761280                             {manageable} {ergonomic}
     bool UseCompressedOops                        = true                           {product lp64_product} {ergonomic}
     bool UseG1GC                                  = true                                      {product} {ergonomic}
     bool UseLargePagesIndividualAllocation        = false                                  {pd product} {ergonomic}

Logging:
Log output configuration:
 #0: stdout all=warning uptime,level,tags foldmultilines=false
 #1: stderr all=off uptime,level,tags foldmultilines=false

Environment Variables:
JAVA_HOME=C:\Users\DELL\AppData\Local\Programs\Eclipse Adoptium\jdk-17.0.7.7-hotspot\
PATH=C:\Program Files\Common Files\Oracle\Java\javapath;C:\MinGW\bin;C:\Windows\system32;C:\Windows;C:\Windows\System32\Wbem;C:\Windows\System32\WindowsPowerShell\v1.0\;C:\Windows\System32\OpenSSH\;C:\Program Files\NVIDIA Corporation\NVIDIA NvDLISR;C:\Users\DELL\Documents\c_block\SDL2-devel-2.26.3-mingw\SDL2-2.26.3\x86_64-w64-mingw32\bin;C:\Program Files\CodeBlocks\MinGW\bin;C:\WINDOWS\system32;C:\WINDOWS;C:\WINDOWS\System32\Wbem;C:\WINDOWS\System32\WindowsPowerShell\v1.0\;C:\WINDOWS\System32\OpenSSH\;C:\Program Files\Git\cmd;C:\Program Files\Git\bin;C:\Program Files\dotnet\;C:\Program Files\MongoDB\Server\7.0\bin;C:\Program Files\Cloudflare\Cloudflare WARP\;C:\Users\DELL\AppData\Local\Programs\Python\Python312\Scripts\;C:\Users\DELL\AppData\Local\Programs\Python\Python312\;C:\Users\DELL\AppData\Local\Microsoft\WindowsApps;C:\Users\DELL\AppData\Local\Programs\Microsoft VS Code\bin;C:\Program Files\CodeBlocks\MinGW\bin;C:\Program Files\Java\jdk-20\bin;C:\Users\DELL\AppData\Local\Programs\Eclipse Adoptium\jdk-17.0.7.7-hotspot\bin;C:\Program Files\JetBrains\IntelliJ IDEA 2023.3.6\bin;;C:\Program Files\JetBrains\IntelliJ IDEA Community Edition 2023.2.1\bin;;C:\Program Files\Git\bin;C:\Program Files\Java\apache-maven-3.9.6\bin;C:\Users\DELL\AppData\Local\GitHubDesktop\bin;C:\Program Files\Java\javafx-sdk-21.0.2\bin;C:\Users\DELL\AppData\Local\Programs\mongosh\;C:\Program Files\MongoDB\Server\7.0\bin;C:\Program Files\mongosh-2.2.3-win32-x64\bin;
USERNAME=DELL
OS=Windows_NT
PROCESSOR_IDENTIFIER=Intel64 Family 6 Model 140 Stepping 1, GenuineIntel
TMP=C:\Users\DELL\AppData\Local\Temp
TEMP=C:\Users\DELL\AppData\Local\Temp




Periodic native trim disabled

---------------  S Y S T E M  ---------------

OS:
 Windows 11 , 64 bit Build 22621 (10.0.22621.3527)
OS uptime: 4 days 19:29 hours

CPU: total 8 (initial active 8) (4 cores per cpu, 2 threads per core) family 6 model 140 stepping 1 microcode 0xb4, cx8, cmov, fxsr, ht, mmx, 3dnowpref, sse, sse2, sse3, ssse3, sse4.1, sse4.2, popcnt, lzcnt, tsc, tscinvbit, avx, avx2, aes, erms, clmul, bmi1, bmi2, adx, avx512f, avx512dq, avx512cd, avx512bw, avx512vl, sha, fma, vzeroupper, avx512_vpopcntdq, avx512_vpclmulqdq, avx512_vaes, avx512_vnni, clflush, clflushopt, clwb, avx512_vbmi2, avx512_vbmi, rdtscp, rdpid, fsrm, gfni, avx512_bitalg, f16c, pku, cet_ibt, cet_ss, avx512_ifma
Processor Information for all 8 processors :
  Max Mhz: 2419, Current Mhz: 2419, Mhz Limit: 2419

Memory: 4k page, system-wide physical 16118M (3720M free)
TotalPageFile size 18166M (AvailPageFile size 325M)
current process WorkingSet (physical memory assigned to process): 115M, peak: 115M
current process commit charge ("private bytes"): 391M, peak: 391M

vm_info: OpenJDK 64-Bit Server VM (22+36-2370) for windows-amd64 JRE (22+36-2370), built on 2024-02-15T22:15:19Z by "mach5one" with MS VC++ 17.6 (VS2022)

END.
