#
# There is insufficient memory for the Java Runtime Environment to continue.
# Native memory allocation (mmap) failed to map 264241152 bytes. Error detail: G1 virtual space
# Possible reasons:
#   The system is out of physical RAM or swap space
#   This process is running with CompressedOops enabled, and the Java Heap may be blocking the growth of the native heap
# Possible solutions:
#   Reduce memory load on the system
#   Increase physical memory or swap space
#   Check if swap backing store is full
#   Decrease Java heap size (-Xmx/-Xms)
#   Decrease number of Java threads
#   Decrease Java thread stack sizes (-Xss)
#   Set larger code cache with -XX:ReservedCodeCacheSize=
#   JVM is running with Zero Based Compressed Oops mode in which the Java heap is
#     placed in the first 32GB address space. The Java Heap base address is the
#     maximum limit for the native heap growth. Please use -XX:HeapBaseMinAddress
#     to set the Java Heap base and to place the Java Heap above 32GB virtual address.
# This output file may be truncated or incomplete.
#
#  Out of Memory Error (os_windows.cpp:3631), pid=5880, tid=11600
#
# JRE version:  (22.0+36) (build )
# Java VM: OpenJDK 64-Bit Server VM (22+36-2370, mixed mode, sharing, tiered, compressed oops, compressed class ptrs, g1 gc, windows-amd64)
# No core dump will be written. Minidumps are not enabled by default on client versions of Windows
#

---------------  S U M M A R Y ------------

Command Line: -javaagent:C:\Program Files\JetBrains\IntelliJ IDEA 2023.3.6\lib\idea_rt.jar=61949:C:\Program Files\JetBrains\IntelliJ IDEA 2023.3.6\bin -Dfile.encoding=UTF-8 -Dsun.stdout.encoding=UTF-8 -Dsun.stderr.encoding=UTF-8 --module-path=C:\Users\DELL\.m2\repository\com\fasterxml\jackson\core\jackson-core\2.13.0\jackson-core-2.13.0.jar;C:\Users\DELL\.m2\repository\org\controlsfx\controlsfx\11.1.2\controlsfx-11.1.2.jar;C:\Users\DELL\.m2\repository\net\sf\sociaal\freetts\1.2.2\freetts-1.2.2.jar;C:\Users\DELL\.m2\repository\com\fasterxml\jackson\core\jackson-databind\2.13.0\jackson-databind-2.13.0.jar;C:\Users\DELL\.m2\repository\org\openjfx\javafx-fxml\20.0.1\javafx-fxml-20.0.1-win.jar;C:\Users\DELL\.m2\repository\com\googlecode\soundlibs\jlayer\1.0.1-2\jlayer-1.0.1-2.jar;C:\Users\DELL\.m2\repository\org\json\json\20190722\json-20190722.jar;C:\Users\DELL\.m2\repository\com\fasterxml\jackson\core\jackson-annotations\2.15.2\jackson-annotations-2.15.2.jar;F:\2ndSemester_2ndYear\OOP\UseInteliJUltimate\BestDictionaryEver\target\classes;C:\Users\DELL\.m2\repository\org\openjfx\javafx-base\20.0.1\javafx-base-20.0.1-win.jar;C:\Users\DELL\.m2\repository\org\openjfx\javafx-media\18\javafx-media-18-win.jar;C:\Users\DELL\.m2\repository\org\openjfx\javafx-controls\20.0.1\javafx-controls-20.0.1-win.jar;C:\Users\DELL\.m2\repository\org\openjfx\javafx-graphics\20.0.1\javafx-graphics-20.0.1-win.jar;C:\Users\DELL\.m2\repository\org\kordamp\bootstrapfx\bootstrapfx-core\0.4.0\bootstrapfx-core-0.4.0.jar -Djdk.module.main=com.example.bestdictionaryever com.example.bestdictionaryever/com.example.bestdictionaryever.Application

Host: 11th Gen Intel(R) Core(TM) i5-1135G7 @ 2.40GHz, 8 cores, 15G,  Windows 11 , 64 bit Build 22621 (10.0.22621.3527)
Time: Tue May  7 17:40:25 2024 SE Asia Standard Time elapsed time: 0.011995 seconds (0d 0h 0m 0s)

---------------  T H R E A D  ---------------

Current thread (0x0000021694387560):  JavaThread "Unknown thread" [_thread_in_vm, id=11600, stack(0x000000433eb00000,0x000000433ec00000) (1024K)]

Stack: [0x000000433eb00000,0x000000433ec00000]
Native frames: (J=compiled Java code, j=interpreted, Vv=VM code, C=native code)
V  [jvm.dll+0x6e2349]  (no source info available)
V  [jvm.dll+0x874ed3]  (no source info available)
V  [jvm.dll+0x8772fe]  (no source info available)
V  [jvm.dll+0x8779d3]  (no source info available)
V  [jvm.dll+0x27fcb6]  (no source info available)
V  [jvm.dll+0x6de9e5]  (no source info available)
V  [jvm.dll+0x6d34ea]  (no source info available)
V  [jvm.dll+0x35892a]  (no source info available)
V  [jvm.dll+0x360e56]  (no source info available)
V  [jvm.dll+0x3b3d7e]  (no source info available)
V  [jvm.dll+0x3b4028]  (no source info available)
V  [jvm.dll+0x32c4ec]  (no source info available)
V  [jvm.dll+0x32d0a8]  (no source info available)
V  [jvm.dll+0x83cd9c]  (no source info available)
V  [jvm.dll+0x3c0cc1]  (no source info available)
V  [jvm.dll+0x825d8c]  (no source info available)
V  [jvm.dll+0x45b9ee]  (no source info available)
V  [jvm.dll+0x45d871]  (no source info available)
C  [jli.dll+0x52a3]  (no source info available)
C  [ucrtbase.dll+0x29333]  (no source info available)
C  [KERNEL32.DLL+0x1257d]  (no source info available)
C  [ntdll.dll+0x5aa48]  (no source info available)


---------------  P R O C E S S  ---------------

Threads class SMR info:
_java_thread_list=0x00007ffcee83c1c8, length=0, elements={
}

Java Threads: ( => current thread )
Total: 0

Other Threads:
  0x0000021696497330 WorkerThread "GC Thread#0"                     [id=7448, stack(0x000000433ec00000,0x000000433ed00000) (1024K)]
  0x00000216964a8120 ConcurrentGCThread "G1 Main Marker"            [id=12048, stack(0x000000433ed00000,0x000000433ee00000) (1024K)]
  0x00000216964a8c30 WorkerThread "G1 Conc#0"                       [id=23060, stack(0x000000433ee00000,0x000000433ef00000) (1024K)]

[error occurred during error reporting (printing all threads), id 0xc0000005, EXCEPTION_ACCESS_VIOLATION (0xc0000005) at pc=0x00007ffcedf8f2b7]
VM state: not at safepoint (not fully initialized)

VM Mutex/Monitor currently owned by a thread:  ([mutex/lock_event])
[0x00007ffcee8bccc8] Heap_lock - owner thread: 0x0000021694387560

Heap address: 0x0000000704200000, size: 4030 MB, Compressed Oops mode: Zero based, Oop shift amount: 3

CDS archive(s) mapped at: [0x0000000000000000-0x0000000000000000-0x0000000000000000), size 0, SharedBaseAddress: 0x0000000800000000, ArchiveRelocationMode: 1.
Narrow klass base: 0x0000000000000000, Narrow klass shift: 0, Narrow klass range: 0x0

GC Precious Log:
 CardTable entry size: 512
 Card Set container configuration: InlinePtr #cards 4 size 8 Array Of Cards #cards 16 size 48 Howl #buckets 8 coarsen threshold 3686 Howl Bitmap #cards 512 size 80 coarsen threshold 460 Card regions per heap region 1 cards per card region 4096

Heap:
 garbage-first heap   total reserved 4126720K, committed 0K, used 0K [0x0000000704200000, 0x0000000800000000)
  region size 2048K, 0 young (0K), 0 survivors (0K)

[error occurred during error reporting (printing heap information), id 0xc0000005, EXCEPTION_ACCESS_VIOLATION (0xc0000005) at pc=0x00007ffcee38e4e9]
GC Heap History (0 events):
No events

Dll operation events (1 events):
Event: 0.007 Loaded shared library C:\Users\DELL\.jdks\openjdk-22\bin\java.dll

Deoptimization events (0 events):
No events

Classes loaded (0 events):
No events

Classes unloaded (0 events):
No events

Classes redefined (0 events):
No events

Internal exceptions (0 events):
No events

ZGC Phase Switch (0 events):
No events

VM Operations (0 events):
No events

Events (0 events):
No events


Dynamic libraries:
0x00007ff78f1f0000 - 0x00007ff78f1fe000 	C:\Users\DELL\.jdks\openjdk-22\bin\java.exe
0x00007ffd7c550000 - 0x00007ffd7c767000 	C:\WINDOWS\SYSTEM32\ntdll.dll
0x00007ffd7b180000 - 0x00007ffd7b244000 	C:\WINDOWS\System32\KERNEL32.DLL
0x00007ffd79c20000 - 0x00007ffd79fc7000 	C:\WINDOWS\System32\KERNELBASE.dll
0x00007ffd79a60000 - 0x00007ffd79b71000 	C:\WINDOWS\System32\ucrtbase.dll
0x00007ffd3f820000 - 0x00007ffd3f837000 	C:\Users\DELL\.jdks\openjdk-22\bin\jli.dll
0x00007ffd3b180000 - 0x00007ffd3b19b000 	C:\Users\DELL\.jdks\openjdk-22\bin\VCRUNTIME140.dll
0x00007ffd7b370000 - 0x00007ffd7b51e000 	C:\WINDOWS\System32\USER32.dll
0x00007ffd79b80000 - 0x00007ffd79ba6000 	C:\WINDOWS\System32\win32u.dll
0x00007ffd5a890000 - 0x00007ffd5ab23000 	C:\WINDOWS\WinSxS\amd64_microsoft.windows.common-controls_6595b64144ccf1df_6.0.22621.3527_none_270e469b73872a76\COMCTL32.dll
0x00007ffd7aff0000 - 0x00007ffd7b019000 	C:\WINDOWS\System32\GDI32.dll
0x00007ffd7b020000 - 0x00007ffd7b0c7000 	C:\WINDOWS\System32\msvcrt.dll
0x00007ffd79940000 - 0x00007ffd79a59000 	C:\WINDOWS\System32\gdi32full.dll
0x00007ffd79870000 - 0x00007ffd7990a000 	C:\WINDOWS\System32\msvcp_win.dll
0x00007ffd7b7d0000 - 0x00007ffd7b801000 	C:\WINDOWS\System32\IMM32.DLL
0x00007ffd5ae80000 - 0x00007ffd5ae8c000 	C:\Users\DELL\.jdks\openjdk-22\bin\vcruntime140_1.dll
0x00007ffd29ff0000 - 0x00007ffd2a07e000 	C:\Users\DELL\.jdks\openjdk-22\bin\msvcp140.dll
0x00007ffcedc50000 - 0x00007ffcee998000 	C:\Users\DELL\.jdks\openjdk-22\bin\server\jvm.dll
0x00007ffd7c2f0000 - 0x00007ffd7c3a2000 	C:\WINDOWS\System32\ADVAPI32.dll
0x00007ffd7b0d0000 - 0x00007ffd7b178000 	C:\WINDOWS\System32\sechost.dll
0x00007ffd79910000 - 0x00007ffd79938000 	C:\WINDOWS\System32\bcrypt.dll
0x00007ffd7b250000 - 0x00007ffd7b365000 	C:\WINDOWS\System32\RPCRT4.dll
0x00007ffd7bd70000 - 0x00007ffd7bde1000 	C:\WINDOWS\System32\WS2_32.dll
0x00007ffd786f0000 - 0x00007ffd7873d000 	C:\WINDOWS\SYSTEM32\POWRPROF.dll
0x00007ffd71b90000 - 0x00007ffd71b9a000 	C:\WINDOWS\SYSTEM32\VERSION.dll
0x00007ffd768a0000 - 0x00007ffd768d4000 	C:\WINDOWS\SYSTEM32\WINMM.dll
0x00007ffd786d0000 - 0x00007ffd786e3000 	C:\WINDOWS\SYSTEM32\UMPDC.dll
0x00007ffd78980000 - 0x00007ffd78998000 	C:\WINDOWS\SYSTEM32\kernel.appcore.dll
0x00007ffd5ace0000 - 0x00007ffd5acea000 	C:\Users\DELL\.jdks\openjdk-22\bin\jimage.dll
0x00007ffd76c40000 - 0x00007ffd76e73000 	C:\WINDOWS\SYSTEM32\DBGHELP.DLL
0x00007ffd7bed0000 - 0x00007ffd7c258000 	C:\WINDOWS\System32\combase.dll
0x00007ffd7a290000 - 0x00007ffd7a367000 	C:\WINDOWS\System32\OLEAUT32.dll
0x00007ffd76860000 - 0x00007ffd76892000 	C:\WINDOWS\SYSTEM32\dbgcore.DLL
0x00007ffd7a090000 - 0x00007ffd7a109000 	C:\WINDOWS\System32\bcryptPrimitives.dll
0x00007ffd74170000 - 0x00007ffd7417f000 	C:\Users\DELL\.jdks\openjdk-22\bin\instrument.dll
0x00007ffd3aad0000 - 0x00007ffd3aaee000 	C:\Users\DELL\.jdks\openjdk-22\bin\java.dll
0x00007ffd7a700000 - 0x00007ffd7af5c000 	C:\WINDOWS\System32\SHELL32.dll
0x00007ffd7b620000 - 0x00007ffd7b7c5000 	C:\WINDOWS\System32\ole32.dll

dbghelp: loaded successfully - version: 4.0.5 - missing functions: none
symbol engine: initialized successfully - sym options: 0x614 - pdb path: .;C:\Users\DELL\.jdks\openjdk-22\bin;C:\WINDOWS\SYSTEM32;C:\WINDOWS\WinSxS\amd64_microsoft.windows.common-controls_6595b64144ccf1df_6.0.22621.3527_none_270e469b73872a76;C:\Users\DELL\.jdks\openjdk-22\bin\server

VM Arguments:
jvm_args: -javaagent:C:\Program Files\JetBrains\IntelliJ IDEA 2023.3.6\lib\idea_rt.jar=61949:C:\Program Files\JetBrains\IntelliJ IDEA 2023.3.6\bin -Dfile.encoding=UTF-8 -Dsun.stdout.encoding=UTF-8 -Dsun.stderr.encoding=UTF-8 --module-path=C:\Users\DELL\.m2\repository\com\fasterxml\jackson\core\jackson-core\2.13.0\jackson-core-2.13.0.jar;C:\Users\DELL\.m2\repository\org\controlsfx\controlsfx\11.1.2\controlsfx-11.1.2.jar;C:\Users\DELL\.m2\repository\net\sf\sociaal\freetts\1.2.2\freetts-1.2.2.jar;C:\Users\DELL\.m2\repository\com\fasterxml\jackson\core\jackson-databind\2.13.0\jackson-databind-2.13.0.jar;C:\Users\DELL\.m2\repository\org\openjfx\javafx-fxml\20.0.1\javafx-fxml-20.0.1-win.jar;C:\Users\DELL\.m2\repository\com\googlecode\soundlibs\jlayer\1.0.1-2\jlayer-1.0.1-2.jar;C:\Users\DELL\.m2\repository\org\json\json\20190722\json-20190722.jar;C:\Users\DELL\.m2\repository\com\fasterxml\jackson\core\jackson-annotations\2.15.2\jackson-annotations-2.15.2.jar;F:\2ndSemester_2ndYear\OOP\UseInteliJUltimate\BestDictionaryEver\target\classes;C:\Users\DELL\.m2\repository\org\openjfx\javafx-base\20.0.1\javafx-base-20.0.1-win.jar;C:\Users\DELL\.m2\repository\org\openjfx\javafx-media\18\javafx-media-18-win.jar;C:\Users\DELL\.m2\repository\org\openjfx\javafx-controls\20.0.1\javafx-controls-20.0.1-win.jar;C:\Users\DELL\.m2\repository\org\openjfx\javafx-graphics\20.0.1\javafx-graphics-20.0.1-win.jar;C:\Users\DELL\.m2\repository\org\kordamp\bootstrapfx\bootstrapfx-core\0.4.0\bootstrapfx-core-0.4.0.jar -Djdk.module.main=com.example.bestdictionaryever 
java_command: com.example.bestdictionaryever/com.example.bestdictionaryever.Application
java_class_path (initial): C:\Users\DELL\.m2\repository\mysql\mysql-connector-java\8.0.26\mysql-connector-java-8.0.26.jar;C:\Users\DELL\.m2\repository\com\google\protobuf\protobuf-java\3.11.4\protobuf-java-3.11.4.jar;C:\Users\DELL\.m2\repository\org\openjfx\javafx-controls\20.0.1\javafx-controls-20.0.1.jar;C:\Users\DELL\.m2\repository\org\openjfx\javafx-graphics\20.0.1\javafx-graphics-20.0.1.jar;C:\Users\DELL\.m2\repository\org\openjfx\javafx-base\20.0.1\javafx-base-20.0.1.jar;C:\Users\DELL\.m2\repository\org\openjfx\javafx-media\18\javafx-media-18.jar;C:\Users\DELL\.m2\repository\org\openjfx\javafx-fxml\20.0.1\javafx-fxml-20.0.1.jar;C:\Users\DELL\.m2\repository\org\eclipse\aether\aether-util\1.0.0.v20140518\aether-util-1.0.0.v20140518.jar;C:\Users\DELL\.m2\repository\org\eclipse\aether\aether-api\1.0.0.v20140518\aether-api-1.0.0.v20140518.jar;C:\Users\DELL\.m2\repository\junit\junit\3.8.2\junit-3.8.2.jar
Launcher Type: SUN_STANDARD

[Global flags]
     intx CICompilerCount                          = 4                                         {product} {ergonomic}
     uint ConcGCThreads                            = 2                                         {product} {ergonomic}
     uint G1ConcRefinementThreads                  = 8                                         {product} {ergonomic}
   size_t G1HeapRegionSize                         = 2097152                                   {product} {ergonomic}
   size_t InitialHeapSize                          = 264241152                                 {product} {ergonomic}
   size_t MarkStackSize                            = 4194304                                   {product} {ergonomic}
   size_t MaxHeapSize                              = 4225761280                                {product} {ergonomic}
   size_t MinHeapDeltaBytes                        = 2097152                                   {product} {ergonomic}
   size_t MinHeapSize                              = 8388608                                   {product} {ergonomic}
    uintx NonNMethodCodeHeapSize                   = 5839372                                {pd product} {ergonomic}
    uintx NonProfiledCodeHeapSize                  = 122909434                              {pd product} {ergonomic}
    uintx ProfiledCodeHeapSize                     = 122909434                              {pd product} {ergonomic}
    uintx ReservedCodeCacheSize                    = 251658240                              {pd product} {ergonomic}
     bool SegmentedCodeCache                       = true                                      {product} {ergonomic}
   size_t SoftMaxHeapSize                          = 4225761280                             {manageable} {ergonomic}
     bool UseCompressedOops                        = true                           {product lp64_product} {ergonomic}
     bool UseG1GC                                  = true                                      {product} {ergonomic}
     bool UseLargePagesIndividualAllocation        = false                                  {pd product} {ergonomic}

Logging:
Log output configuration:
 #0: stdout all=warning uptime,level,tags foldmultilines=false
 #1: stderr all=off uptime,level,tags foldmultilines=false

Environment Variables:
JAVA_HOME=C:\Users\DELL\AppData\Local\Programs\Eclipse Adoptium\jdk-17.0.7.7-hotspot\
PATH=C:\Program Files\Common Files\Oracle\Java\javapath;C:\MinGW\bin;C:\Windows\system32;C:\Windows;C:\Windows\System32\Wbem;C:\Windows\System32\WindowsPowerShell\v1.0\;C:\Windows\System32\OpenSSH\;C:\Program Files\NVIDIA Corporation\NVIDIA NvDLISR;C:\Users\DELL\Documents\c_block\SDL2-devel-2.26.3-mingw\SDL2-2.26.3\x86_64-w64-mingw32\bin;C:\Program Files\CodeBlocks\MinGW\bin;C:\WINDOWS\system32;C:\WINDOWS;C:\WINDOWS\System32\Wbem;C:\WINDOWS\System32\WindowsPowerShell\v1.0\;C:\WINDOWS\System32\OpenSSH\;C:\Program Files\Git\cmd;C:\Program Files\Git\bin;C:\Program Files\dotnet\;C:\Program Files\MongoDB\Server\7.0\bin;C:\Program Files\Cloudflare\Cloudflare WARP\;C:\Users\DELL\AppData\Local\Programs\Python\Python312\Scripts\;C:\Users\DELL\AppData\Local\Programs\Python\Python312\;C:\Users\DELL\AppData\Local\Microsoft\WindowsApps;C:\Users\DELL\AppData\Local\Programs\Microsoft VS Code\bin;C:\Program Files\CodeBlocks\MinGW\bin;C:\Program Files\Java\jdk-20\bin;C:\Users\DELL\AppData\Local\Programs\Eclipse Adoptium\jdk-17.0.7.7-hotspot\bin;C:\Program Files\JetBrains\IntelliJ IDEA 2023.3.6\bin;;C:\Program Files\JetBrains\IntelliJ IDEA Community Edition 2023.2.1\bin;;C:\Program Files\Git\bin;C:\Program Files\Java\apache-maven-3.9.6\bin;C:\Users\DELL\AppData\Local\GitHubDesktop\bin;C:\Program Files\Java\javafx-sdk-21.0.2\bin;C:\Users\DELL\AppData\Local\Programs\mongosh\;C:\Program Files\MongoDB\Server\7.0\bin;C:\Program Files\mongosh-2.2.3-win32-x64\bin;
USERNAME=DELL
OS=Windows_NT
PROCESSOR_IDENTIFIER=Intel64 Family 6 Model 140 Stepping 1, GenuineIntel
TMP=C:\Users\DELL\AppData\Local\Temp
TEMP=C:\Users\DELL\AppData\Local\Temp




Periodic native trim disabled

---------------  S Y S T E M  ---------------

OS:
 Windows 11 , 64 bit Build 22621 (10.0.22621.3527)
OS uptime: 4 days 19:44 hours

CPU: total 8 (initial active 8) (4 cores per cpu, 2 threads per core) family 6 model 140 stepping 1 microcode 0xb4, cx8, cmov, fxsr, ht, mmx, 3dnowpref, sse, sse2, sse3, ssse3, sse4.1, sse4.2, popcnt, lzcnt, tsc, tscinvbit, avx, avx2, aes, erms, clmul, bmi1, bmi2, adx, avx512f, avx512dq, avx512cd, avx512bw, avx512vl, sha, fma, vzeroupper, avx512_vpopcntdq, avx512_vpclmulqdq, avx512_vaes, avx512_vnni, clflush, clflushopt, clwb, avx512_vbmi2, avx512_vbmi, rdtscp, rdpid, fsrm, gfni, avx512_bitalg, f16c, pku, cet_ibt, cet_ss, avx512_ifma
Processor Information for all 8 processors :
  Max Mhz: 2419, Current Mhz: 2419, Mhz Limit: 2419

Memory: 4k page, system-wide physical 16118M (3451M free)
TotalPageFile size 18166M (AvailPageFile size 113M)
current process WorkingSet (physical memory assigned to process): 12M, peak: 12M
current process commit charge ("private bytes"): 61M, peak: 312M

vm_info: OpenJDK 64-Bit Server VM (22+36-2370) for windows-amd64 JRE (22+36-2370), built on 2024-02-15T22:15:19Z by "mach5one" with MS VC++ 17.6 (VS2022)

END.
